<?xml version="1.0" encoding="UTF-8"?>
<!-- Generated by org.testng.reporters.JUnitReportReporter -->
<testsuite hostname="Mayanks-MacBook-Air.local" failures="0" tests="1" name="Museum.RestApi" time="2.537" errors="1" timestamp="2022-04-15T12:31:01 CEST" skipped="0">
  <testcase classname="Museum.RestApi" name="validate_records_perpage" time="2.537">
    <error message="Expected response body to be verified as JSON, HTML or XML but no content-type was defined in the response.
Try registering a default parser using:
   RestAssured.defaultParser(&lt;parser type&gt;);
Content was:
{&quot;levels&quot;:[{&quot;name&quot;:&quot;z2&quot;,&quot;width&quot;:2044,&quot;height&quot;:1533,&quot;tiles&quot;:[{&quot;x&quot;:2,&quot;y&quot;:2,&quot;url&quot;:&quot;http://lh4.ggpht.com/l8InkdKbmjvdrzBciFbCfNwfBKYtFl4Kb4JYknQ-TU2xxNsQh7-kb9ghWC978a7s7YjdbnFBAV-0EzK-jJlqGyPe1wA=s0&quot;},{&quot;x&quot;:1,&quot;y&quot;:2,&quot;url&quot;:&quot;http://lh5.ggpht.com/TrfiiJPwjRjdwUnM6jMyZVfwKmIszvwxovqkk1CBmZALdTYpVPpmkWmHr3-ZGvFjB5YZl1I8clwm4dpmh8bnhLiQdRjc=s0&quot;},{&quot;x&quot;:2,&quot;y&quot;:1,&quot;url&quot;:&quot;http://lh5.ggpht.com/_FqmVasLHOYYtv0Tes4fSGF0J2tEmi_-83unY-YhuBEkOWobVDytGjbspdQsHYibq2shrAKdygZUw3FcU6UUVrnWDA=s0&quot;},{&quot;x&quot;:0,&quot;y&quot;:0,&quot;url&quot;:&quot;http://lh5.ggpht.com/MgZdREwxwXOIGUvJGmrrPcWgteMYMNx349uM0WxwgU2O0yd5HjCwjGXXrhRZuAyhsK6Q9FMvUsFNETYmTq3A1OwNN1Y=s0&quot;},{&quot;x&quot;:3,&quot;y&quot;:2,&quot;url&quot;:&quot;http://lh5.ggpht.com/wOWkUoM6_XFhrWSZSzG5eVhSoLxyc8pqC9hJoziuc1otVfD-jSoSV3_hV9qGXGou8P1j8E9OAQZy8k4qVuChA1Vr_dA=s0&quot;},{&quot;x&quot;:1,&quot;y&quot;:0,&quot;url&quot;:&quot;http://lh6.ggpht.com/NAGGxq0z9Fg22RkRjWsUqbwlSdzgIXmtXMFYjSM60_qHqnEtZZLROBUzriAi0Ig3KsoaElc0p4ZqftmSIde24QFLWylJ=s0&quot;},{&quot;x&quot;:3,&quot;y&quot;:1,&quot;url&quot;:&quot;http://lh5.ggpht.com/P2ErN2wCDjyELBaxqAHUywdsFzu_Vlv3xNhomjhVTclMQ4LOFMIOZhKNMSqPUUVqbRdkpqEnxDDo8gggtCVGwYcy95M=s0&quot;},{&quot;x&quot;:0,&quot;y&quot;:2,&quot;url&quot;:&quot;http://lh4.ggpht.com/Tg0Z4AWHxqRbYtnTsky-8Cu_TAyc0lQPFYBmxFEPH3hqudD3Jl-yXMCAaSdwFoBF6M4YAyMfxi9g145tbaArYu8WGPs=s0&quot;},{&quot;x&quot;:3,&quot;y&quot;:0,&quot;url&quot;:&quot;http://lh6.ggpht.com/aPo2L7daoXozJ57D2-GYJLeYx83MGBnaLlG9A6NFLMuBsceRY1In02b2ilOEVsiaHr2S8K-MrpDlRfdl908h4G1_cZA=s0&quot;},{&quot;x&quot;:2,&quot;y&quot;:0,&quot;url&quot;:&quot;http://lh6.ggpht.com/r4kbAI6UtFbOzr_0SMmwrVSIc5yVFwmJ0sljlBCFQEdcDTLzxzOIDtlO40gqZdID2lwCo05kp1PX1jnYXQ2K5aqj-kH9=s0&quot;},{&quot;x&quot;:0,&quot;y&quot;:1,&quot;url&quot;:&quot;http://lh6.ggpht.com/jnhRh-_pPQMovejnevL9ZykUEuDqNynqbztg-_iSsGo9bNN82pI2dfJ3M_fwuy65G-Fov659dezF4yeiHl2nAIWotw=s0&quot;},{&quot;x&quot;:1,&quot;y&quot;:1,&quot;url&quot;:&quot;http://lh5.ggpht.com/sEDMWa0ttJOrluPiWaPn6qSnCUwwvNUGYvwKNuHwxCNv8HY_C9_0PzUiipDZnzVsAkLptxPUMgmn-6lFamfs4kDlHw=s0&quot;}]},{&quot;name&quot;:&quot;z3&quot;,&quot;width&quot;:1022,&quot;height&quot;:766,&quot;tiles&quot;:[{&quot;x&quot;:1,&quot;y&quot;:1,&quot;url&quot;:&quot;http://lh4.ggpht.com/i0JzeIzjnp-OQ6x_oiIgNBbJb7XtNsb1r1ZqO_oHxgQakak3w8XheDWZ1kbzf_atjcc7LrlH1YCyzIWP2xOOsUv3XrUy=s0&quot;},{&quot;x&quot;:0,&quot;y&quot;:0,&quot;url&quot;:&quot;http://lh3.ggpht.com/N_OAABg3zPZUCWDzMtxofVYrwbG39RjyRHNssPNIKkTPyt8L5s50Ac4i82rJKDyiXNXBUOOYxw830PIberoNzojaT1Q=s0&quot;},{&quot;x&quot;:0,&quot;y&quot;:1,&quot;url&quot;:&quot;http://lh6.ggpht.com/2Pst7T5QULC__uTz2RMYXq5pyKxWfwgPVhfUMbdUuCzMMaW_Qe702APN38oIJRpLKssfn-BuKnU2ZeHvMBrMT_Ybxjs=s0&quot;},{&quot;x&quot;:1,&quot;y&quot;:0,&quot;url&quot;:&quot;http://lh6.ggpht.com/flL6atUQ92oNwzd2qv3ZPEaqd_c-OaD-XvR07ihFjTyNV4H__etiLY9a5TviF4VyAvW3Xinj54unQiIyqt_8kerwsnYL=s0&quot;}]},{&quot;name&quot;:&quot;z0&quot;,&quot;width&quot;:8176,&quot;height&quot;:6132,&quot;tiles&quot;:[{&quot;x&quot;:7,&quot;y&quot;:8,&quot;url&quot;:&quot;http://lh4.ggpht.com/Tw3MsFvCGkcBKKm-xmhd3wUCwPGAqLWYI--nKEdGWrK_D_mel3PFe4M0pjPmYDI8xFg7XGPLM__-c867s3APtX8sgA=s0&quot;},{&quot;x&quot;:3,&quot;y&quot;:8,&quot;url&quot;:&quot;http://lh3.ggpht.com/3ukMOrtT62r-kwvDKk3q98A7fmxB9vpU-oKWr7RtHu_zbnNY8M_tDS_LX7hzYY9mE5Ful1Uk8M6q9-JotUHPKdRfnTI=s0&quot;},{&quot;x&quot;:6,&quot;y&quot;:8,&quot;url&quot;:&quot;http://lh4.ggpht.com/187Q_W453gGagqZt4MVFuCcm-F19vEwwe8-gsct-KtdEefZeFyi18eJ2ZEwu2wLq497n2VGq5saR6NWQI7Va7GdBgns=s0&quot;},{&quot;x&quot;:9,&quot;y&quot;:2,&quot;url&quot;:&quot;http://lh4.ggpht.com/vsoFSoyiyiMuZ3wXCjp3dIDdf6uH1SPJqKR8lbL_8e_lOkIVwmw6jkR63098efB65T9bpwWsBT4EgNPGWVmBUD4wQlk=s0&quot;},{&quot;x&quot;:3,&quot;y&quot;:5,&quot;url&quot;:&quot;http://lh5.ggpht.com/C7cEWKMPSX0BIsJ9F1uQT_Xmq5QCbKXixDCiXw4oQ2IrO6xF6HRjQeP9S-75pCGudOP9ag8enjpmUHSVk5FCK4I9kZw=s0&quot;},{&quot;x&quot;:3,&quot;y&quot;:10,&quot;url&quot;:&quot;http://lh3.ggpht.com/OC2JCt10nN6aMrKILnAyBpVJsOYYcBKgdns4UdEPzvcJ6rIuKW3XMKMcWwpHpOzTC0zH68HtOgSzzGyAACRghz0Q8Ac=s0&quot;},{&quot;x&quot;:7,&quot;y&quot;:2,&quot;url&quot;:&quot;http://lh5.ggpht.com/hM7coWNK2EAJFidQY_1wNuGX1GU0DWha9pHd3wwOec1zPcFChVT6gL-NdX7a1uFuRiOC1iwfVt-NTxg1oOVfdLPmwRXS=s0&quot;},{&quot;x&quot;:5,&quot;y&quot;:9,&quot;url&quot;:&quot;http://lh3.ggpht.com/shfzM5fopuUxn2Ipj5EMhYFpKUhQy3s3HukVSy1tFwdXM7FFZoWXLrTyduLWk5HEs6wGgOy-L07iDANrM7ePMm2hw-fl=s0&quot;},{&quot;x&quot;:7,&quot;y&quot;:9,&quot;url&quot;:&quot;http://lh6.ggpht.com/VAXWp55Q7G-AJez3uh0Ae_bH8h6MdklISadUgdh2AuWXPvA2ZYgPq5ndMxn0fkbzMdqkAe3VH6UzIA9AqhGSIwimjHkS=s0&quot;},{&quot;x&quot;:2,&quot;y&quot;:9,&quot;url&quot;:&quot;http://lh6.ggpht.com/j6KyFkSSbUzx-K9ONkA44LfB7-QTaooQQBWNPcHlXJnK8ZY1bLVmpkcYFXqicqpWF1ACY348A5dYfIvOGalVcTWpzFg=s0&quot;},{&quot;x&quot;:13,&quot;y&quot;:8,&quot;url&quot;:&quot;http://lh3.ggpht.com/CfETVnjyTTQb3N-ZkiNpLmTTc0hhFii8ozHa7RLUl6if7esZpaR25aXegh0KvCaTjRjUd7fYTmYHPgKTYUOY7FlH6MQ=s0&quot;},{&quot;x&quot;:12,&quot;y&quot;:4,&quot;url&quot;:&quot;http://lh5.ggpht.com/6Dl20dQkqomE35eASfB-S_dHmDxLfjMCTO7Cgh0LGiOHO-HLS1O6mV73jelNWaockqUJuc1wAMnjkXyJq3dBwOu4GE-k=s0&quot;},{&quot;x&quot;:0,&quot;y&quot;:7,&quot;url&quot;:&quot;http://lh4.ggpht.com/J9R5oRQGqrAKCoywXk9dcFmEvNhuc0Uif4grGZ_SfqyLechO9n7SxjJFEpcREI2LxGsVDk2Yu7BOF4tseFVhWUKbmGU=s0&quot;},{&quot;x&quot;:4,&quot;y&quot;:6,&quot;url&quot;:&quot;http://lh4.ggpht.com/ZYXlwpmx5nkt6991Trv8sEiHsK8V3cCSpsXhP795G2yLDKiAaH34_t7uySy0ER6CqCzoB_2i5UD6YRuH3G016-fjRoM=s0&quot;},{&quot;x&quot;:4,&quot;y&quot;:7,&quot;url&quot;:&quot;http://lh3.ggpht.com/ue3auurYXMaDoPHYnfGVpUZpn_IQRbo8xZJ9EtMEiyVLNTTOw6wbuF7nx2-WckuVjeiNsXJoj1FzEbjGQFAWwAxYjXs=s0&quot;},{&quot;x&quot;:15,&quot;y&quot;:11,&quot;url&quot;:&quot;http://lh4.ggpht.com/wBou_83z4_3_COH0UIIubCoJ5BLeijrpmMSXwWMvO6lc9jfZ_AhbWXLeHnwQuIxQf1aMFqpWp4d9RCweaM3pVTXCWtU=s0&quot;},{&quot;x&quot;:6,&quot;y&quot;:11,&quot;url&quot;:&quot;http://lh5.ggpht.com/KpRBPKv0vuwNpdVHO2bIbDxf7n1QYENXLWdO3ou-TZ-3yXT7G4RG-jDy0nfokAWaMAyP7FmOLmBc23-OmTSAu5UQJvk=s0&quot;},{&quot;x&quot;:9,&quot;y&quot;:11,&quot;url&quot;:&quot;http://lh4.ggpht.com/PGZbtJMqCckkh2iMeVp9pZvCraameQbUc92Qr48JZomZnD1jwEZlqqhfdV-wsbrG7DGqSj0qaYN-z-rqDIw9x7aX0WE=s0&quot;},{&quot;x&quot;:0,&quot;y&quot;:8,&quot;url&quot;:&quot;http://lh5.ggpht.com/nMssuWqsaN0RRwHPt7aZ-4KLbpmyQQFLgKiJQ34CEMm5WgzzWaN53LPAJsaG6kqqAvGw0GxkQkw6TEfY_UQTF9gZuK0=s0&quot;},{&quot;x&quot;:4,&quot;y&quot;:8,&quot;url&quot;:&quot;http://lh3.ggpht.com/d--dmtatQThmCpRDTJBWvywJlFH4W8Q6Ewcva1pDkP37en2VYxtkxfIHEmiLpFhRhvyN_IJ2y5aot-F3tX3ZvVv1P9Sp=s0&quot;},{&quot;x&quot;:11,&quot;y&quot;:3,&quot;url&quot;:&quot;http://lh5.ggpht.com/4nrc1mIRhpNaRAlkzidrut-wg5PszRu8UvzI9HwWpGtTxLojTt9ou0p8_Wm2eG10mFvZkfZ3Y-RzN10P9wX57CbsHQ=s0&quot;},{&quot;x&quot;:2,&quot;y&quot;:10,&quot;url&quot;:&quot;http://lh6.ggpht.com/o2aPvQMoXKpdG9yBjCrq4F34II9WrTY35Fhd6c45JZZS3Vha5-TT9w8b10hI4tI9sgy_SOq5Kk_7lFuimvzpq1WeHvA=s0&quot;},{&quot;x&quot;:3,&quot;y&quot;:2,&quot;url&quot;:&quot;http://lh3.ggpht.com/b9p8uZh3yZ6FLZwhIWTXKkI-TlX1fuwKf-Tevk0nLGsrBJEayMtpFZuY7Wn4gbZL-1ibwgkmr1ZvbVG_bECeTCQn1I8=s0&quot;},{&quot;x&quot;:13,&quot;y&quot;:1,&quot;url&quot;:&quot;http://lh5.ggpht.com/W4Rl663mRM3C6wRag0Awc1NamsnRjv_KQZ4outGYl2ANqFXor0VefFjGfPrhKThAX2NqiwK7M-irx2vmvE_0z9HkRk8=s0&quot;},{&quot;x&quot;:6,&quot;y&quot;:2,&quot;url&quot;:&quot;http://lh4.ggpht.com/YJjI11EnLcRjedaqsc9EOcZ1lqvMnVmMfZsBf2gi0epFH4nCZ8wi97LcNH9GZLKSFaI4Dg56bBauXNnmfS77tQ98wy8g=s0&quot;},{&quot;x&quot;:1,&quot;y&quot;:4,&quot;url&quot;:&quot;http://lh6.ggpht.com/y7JJekxpMEMWelbiNHbIXSER-aVmZ9-vYFL3c5AuSTFm-Y9KscHiQMZ8gFSkHqhmApx1uBRA3KDHmAbvXAg8cOwMjQ=s0&quot;},{&quot;x&quot;:12,&quot;y&quot;:3,&quot;url&quot;:&quot;http://lh6.ggpht.com/41xmBjvzBaTK33nxxSErl16GPTOFzbUgIYaIdqCXL9WgYziQNo3Q913ugYfGfNXw4OOSMMngPjyYvMyufB1QTPnZRY3h=s0&quot;},{&quot;x&quot;:9,&quot;y&quot;:4,&quot;url&quot;:&quot;http://lh5.ggpht.com/hLYiobeLkms875dzUGqFT_0oxd-MGcZZ1oB0g5q0j_EE1eHIkf8cZx4VVV0y8Aj-SHr2tc_pq7kpLBU-V89MYMjZwtw=s0&quot;},{&quot;x&quot;:5,&quot;y&quot;:11,&quot;url&quot;:&quot;http://lh5.ggpht.com/JKCkj-SAhYJVih_-XDkXq-0KZ2OQbMaXSLQobfR-rpNl1NBcHlSaTT6EJ8AaskyhYIySJdvAg_c4p6pqwYjCFJRjFQ=s0&quot;},{&quot;x&quot;:2,&quot;y&quot;:3,&quot;url&quot;:&quot;http://lh4.ggpht.com/aFNUeGdQ3oUHcHHcyYymMla9T9s-saZnYYuF6U7RlCFr6q4FXo3CVAYok5EIK5QZ178RmYwQ8annTIB3Ot_jfAOrN_Vz=s0&quot;},{&quot;x&quot;:5,&quot;y&quot;:5,&quot;url&quot;:&quot;http://lh6.ggpht.com/yrN3JeUHqf2gmablkI6m9wDp4CZ4yfi7I2AzgKvQ7rZSSy6lX-2aPIaC9EGBK6F9oRjAC414J8tYHq9Cq-t7GGJCvA=s0&quot;},{&quot;x&quot;:14,&quot;y&quot;:5,&quot;url&quot;:&quot;http://lh5.ggpht.com/9_KVrmQO-jV99sI7Xa9RV8MFpdxjumWVrl7iFueZ95fz9ORSihunEE6P3DajWwNNaoHk9lPCS_rFSZc3Qvd9d5Mnb3s=s0&quot;},{&quot;x&quot;:6,&quot;y&quot;:5,&quot;url&quot;:&quot;http://lh4.ggpht.com/iywU8W8L1Bo8cTNTzzex4r9N_WYD-g-_tZXe-wxe7cHiBZMJLHMwgTXEoHm7INsUBHVahDloE74s4ofEnWr_a59-UUE=s0&quot;},{&quot;x&quot;:9,&quot;y&quot;:5,&quot;url&quot;:&quot;http://lh6.ggpht.com/F0KpXjvWm5JN3sNeGOQ-1TqmjUfuShdt_LDcsoUHDdW5XhKbMnzEeF3RdS5ld5pnh4a98KS0_f3dgPzqSwk16LMwxQ=s0&quot;},{&quot;x&quot;:12,&quot;y&quot;:10,&quot;url&quot;:&quot;http://lh6.ggpht.com/4BGi0QS9CPbwPmEtv3byIZDe36N8gEStCnq1hJeXxHgGQrnrvKcrXmWFiMTnEzt6z-Xdqv3OZGMzVi6GZHUg2zF-3HP5=s0&quot;},{&quot;x&quot;:10,&quot;y&quot;:10,&quot;url&quot;:&quot;http://lh6.ggpht.com/j126xn6GvhviEnMbqjxtLfvRoNdJfoXWPVqz0eDvW5nigX7RYv24B6fzLSdQTu0LuW2H0CCFi6RJHqYOG4EaNL2gpWs=s0&quot;},{&quot;x&quot;:11,&quot;y&quot;:10,&quot;url&quot;:&quot;http://lh4.ggpht.com/kFFOdLujxj4aj4Abop5MT2G04PZZGt0H67URT41FpzSqZ1Ip-2Lm-CCkWE74rYCwcYvKbCTSnvDQaubNYry3zM08OA=s0&quot;},{&quot;x&quot;:11,&quot;y&quot;:1,&quot;url&quot;:&quot;http://lh4.ggpht.com/UGkvawDedmooM8tGKNj4JEDK2WnmfpYoOlNn8f52WOZUvuzi4zDuAdkTllnEhFu7c9Me4SVP7A2qze7V7MtiLKL5Tg=s0&quot;},{&quot;x&quot;:15,&quot;y&quot;:1,&quot;url&quot;:&quot;http://lh6.ggpht.com/YRRh1utCt1y7S4E5tNXyI5oOGByPV_ur57hYOtKCRfsHi1bWlAtCVySkVaymZmVMh3NLBbYeITLot53XBczBSnceFw=s0&quot;},{&quot;x&quot;:10,&quot;y&quot;:9,&quot;url&quot;:&quot;http://lh5.ggpht.com/IA1m--4y1mOUKCKpEQ-KGVNgETR8ueGixGtfoq-UrzwfOqFO39PwZzlPKoQj2yU1qgxFabmuWl_rzQLzyt1G8tV6Cw=s0&quot;},{&quot;x&quot;:15,&quot;y&quot;:9,&quot;url&quot;:&quot;http://lh4.ggpht.com/WmzqDD5kul4ORxOu_07cJJlheh9oeGzbywlzyhC4x09PA8i6yfOf2PTGc-HFIi4A7xde4LeL2iidJwKXg6dXTp9SwA=s0&quot;},{&quot;x&quot;:6,&quot;y&quot;:9,&quot;url&quot;:&quot;http://lh5.ggpht.com/dCysorropYXLqvXAGfzLAUAJvFUpi9YQkB_cBwzoFo2T__bFs31OaoPdJ32stH0iTd2f9n0LTb6qbJNX7EDcdbWN0g=s0&quot;},{&quot;x&quot;:15,&quot;y&quot;:8,&quot;url&quot;:&quot;http://lh4.ggpht.com/P1itK17xddx6v13LX2F_D9T3ch2HPBDx4vGJS08byDOATJYCN3P8mL5JMBzaEb1qav0WQ6pn-D0O_O2GYQHHJMUQyxJU=s0&quot;},{&quot;x&quot;:10,&quot;y&quot;:4,&quot;url&quot;:&quot;http://lh5.ggpht.com/543DeuPL61Vav-YZRWs5RvANbOMixXSvrpxJRzdj0XlBQd4H53d_mncgnyLrlSAUD8Mmu66dGs9CB2MX0fZublYkOJPT=s0&quot;},{&quot;x&quot;:0,&quot;y&quot;:1,&quot;url&quot;:&quot;http://lh3.ggpht.com/MFrK6dAY_yVI3Rsu8dw3douX4L0y5xhDVRqqEhJz-w43_U9SIgBE2WMcxShWsYV5r28eAetus8c352DPqiuJM95Yol9q=s0&quot;},{&quot;x&quot;:3,&quot;y&quot;:1,&quot;url&quot;:&quot;http://lh5.ggpht.com/TiAGsdB8OszBiAVE0px3nw9WM8YZL3QAOURRPEznRQ9brBPtTBwmkUfcg7clNANzJ65szNsEZLqgCFSNTnlcgHSym0VV=s0&quot;},{&quot;x&quot;:13,&quot;y&quot;:2,&quot;url&quot;:&quot;http://lh6.ggpht.com/ahKvXr73H1J0sLmk1VYu0Jrlv8Smv_vfGvnL3F1ePYJs-sdAhcstAG0qPb_Cr-qTk7cJVxaJJuVSIO44a-6X0uLII1cC=s0&quot;},{&quot;x&quot;:8,&quot;y&quot;:10,&quot;url&quot;:&quot;http://lh5.ggpht.com/5byaTvZTkWbxrPiGroPZ9prqfo9CThKWCyfqq2yyC3bErExkJ6DGe4Kc9IQjQ4_dOIRVd-Jk1spkydf2EUdEujLVI8Y=s0&quot;},{&quot;x&quot;:6,&quot;y&quot;:1,&quot;url&quot;:&quot;http://lh6.ggpht.com/5-ZenH7xP5oITG14clkX30RcYsqFkqAuqCNQTfq9fZ4etBvbsnaWAcMsHLXjhYE35fO5PSddnuugc-pOnoaksLrW4g=s0&quot;},{&quot;x&quot;:1,&quot;y&quot;:9,&quot;url&quot;:&quot;http://lh4.ggpht.com/h3XyUIfDRlOzAsRR9xlIbZRDm_Nw4VW0uqrLQrPObdKm_0NqSrvY5Q1ByvY0s1ATTurnzW8YnVeUyymO4j6IwcNhuzs=s0&quot;},{&quot;x&quot;:4,&quot;y&quot;:4,&quot;url&quot;:&quot;http://lh3.ggpht.com/Hm5oZL1m-VQxyC68tLk8I8SO4NJ-Ts_IN0EQRMlvpcY6435tQ2Z3pc2xVmyX5y4IuWgllDURbzbUkSUOpCOILb4ZlXE=s0&quot;},{&quot;x&quot;:2,&quot;y&quot;:4,&quot;url&quot;:&quot;http://lh3.ggpht.com/CrrQSe2YbtpvujzDgELfH5JtJxkDz5D14tA1kkFusNiLXM0YEh7UgWsLoLc8sNugFTZEqDRV7hhqiTfkiTnahLzsQt2P=s0&quot;},{&quot;x&quot;:6,&quot;y&quot;:4,&quot;url&quot;:&quot;http://lh4.ggpht.com/7IdTCqXhKOY1HlzMKNpD70Et6949YVz4KDc65ieWp393-V595X3xmsJmaJlozxzcgHExNwUWHy6X0n2pyX28mMHfuQ=s0&quot;},{&quot;x&quot;:9,&quot;y&quot;:6,&quot;url&quot;:&quot;http://lh3.ggpht.com/GZ10F0qn8gWyvNLvi3LSt_hEnA9dfhC8VffNMk-ZWmTcBIvJiGw5ZAhx64dQ4fwdJqSRe40y6KeXv-OfSyy3z6sd54JP=s0&quot;},{&quot;x&quot;:8,&quot;y&quot;:8,&quot;url&quot;:&quot;http://lh6.ggpht.com/HyRQMzs0cyQr_r0AuTzItJ_bfbu31gkrlHQ5HmbLmwa4rBGZjYRyQmjOldaxs4DIUp8C-xyFzUNCw71ha6HPBm2jsGY=s0&quot;},{&quot;x&quot;:4,&quot;y&quot;:3,&quot;url&quot;:&quot;http://lh5.ggpht.com/8yi_7Oi1BVuEhQvUr6_Ay-VexwoHb_uZQdBNgxsiZYTdFIjT784kp882zAk6VeOD1Gpag54wWxDVJb0vFo4Ev_eTj6wu=s0&quot;},{&quot;x&quot;:15,&quot;y&quot;:5,&quot;url&quot;:&quot;http://lh5.ggpht.com/RayMBDJQFr2OYbpefor6ne8CtymFUQWWx-0Hdllmo78_Rgzn7wFTMrj0Y8pHSTQs77VWwq2E59bp7TvJzuNH-NOYaw=s0&quot;},{&quot;x&quot;:0,&quot;y&quot;:6,&quot;url&quot;:&quot;http://lh5.ggpht.com/tqZNGnoUAZEwRK4l-OHAH-rZp_d2W9M-ZEGFIFjSYi9nANI7vGlLdpr-nWk7YpqukKPa6mJx4Zh6whqTWTyW_XMOUf0=s0&quot;},{&quot;x&quot;:4,&quot;y&quot;:10,&quot;url&quot;:&quot;http://lh3.ggpht.com/G6XXrKgowT4JI--QplLGyD1P62bdQe0q3wX5VVFxyUJW6qcc_npihzA5DSWzlks9JLVHNw8DDAsOPSTxFIe4MIw-zoo=s0&quot;},{&quot;x&quot;:9,&quot;y&quot;:9,&quot;url&quot;:&quot;http://lh3.ggpht.com/ozc-XNXmCviW45pmpROMmsshKxolpl_Pa1edQpzgXpFX0dipBXpu52I8Q9CA4fLUbqX8fzGG06TecC3Pvl02GuDmLNE=s0&quot;},{&quot;x&quot;:7,&quot;y&quot;:4,&quot;url&quot;:&quot;http://lh4.ggpht.com/ce9Si6eSxtNAWC4YUcdTQiB68KBQL_iV4bKtNqYKFCWXqMoXmpB57gPAUK7-FRf25BsJf8W9aSgTW-rsVPE4flKFpv8b=s0&quot;},{&quot;x&quot;:14,&quot;y&quot;:3,&quot;url&quot;:&quot;http://lh3.ggpht.com/r5x_sjUOZsk6uPq9rjjBzkybS8VaBLMWRAjUbKC7JFLQSEqNaR3BaN1TtUCwVeAveII8WdkQUdxivuIoaDKO2nJkhpqx=s0&quot;},{&quot;x&quot;:12,&quot;y&quot;:11,&quot;url&quot;:&quot;http://lh3.ggpht.com/UbkYLuMFj5dgbYA7YVxtyyOXH0LroCB6Q0pEoE1Zx11N-UP6PLbfX8mV4NtCw3AjugSpqS-weqTxZ7gtzRbfXXoTc84=s0&quot;},{&quot;x&quot;:13,&quot;y&quot;:11,&quot;url&quot;:&quot;http://lh6.ggpht.com/cZ4_SfVvQfPvSgnk4UYlsEhvsxerpaA6PEtms1sPmyDNtP2GWg6u9K13bTJbNckdJw7hr56gEePMJKAYEuzYZVxN8A4=s0&quot;},{&quot;x&quot;:10,&quot;y&quot;:0,&quot;url&quot;:&quot;http://lh4.ggpht.com/ruAfHcESBICIHhWn0_XUeUBek4NLlkquUSiyYI5MHccsidYaUObcqK8hMO0pdaE5cdJXz9_if2QZJEE96OAIPRgzHg=s0&quot;},{&quot;x&quot;:12,&quot;y&quot;:0,&quot;url&quot;:&quot;http://lh3.ggpht.com/ShrAXXuwDfyGE-DuL2P7l4oAJUOQHsP5Ung0FaLqUhgEnKJ38oc54ChpXKoEzWCULdHAlQGCw2_7bBweZnxEZH37oUU=s0&quot;},{&quot;x&quot;:11,&quot;y&quot;:0,&quot;url&quot;:&quot;http://lh5.ggpht.com/dZgLUk8Kd2uHACs8BoIBJmjGRG2TnWWBFCU5tGxjFyFB0iJU5iVacCrTtFkOpAVK_mE3gOVCGTUpXEPiXDXAJxe5Rl9b=s0&quot;},{&quot;x&quot;:13,&quot;y&quot;:7,&quot;url&quot;:&quot;http://lh3.ggpht.com/GsRm7TjWEWNXxm-6BQ_I4_cPfNhtoLO15KSySwtUtQlADhq-QYBVcIQTju5-7XvFZN0m40DXo6CiCv6WZKT8X-KwrPI=s0&quot;},{&quot;x&quot;:7,&quot;y&quot;:3,&quot;url&quot;:&quot;http://lh4.ggpht.com/3YYT1Mmw_iGt8otmWW1nl01yY-B4o7ZIm_1nnio6DYes0cWb24WSbY_hGkrH_Zd7RiVifC7vZ_feEbdsnFZXU0Oi7Js=s0&quot;},{&quot;x&quot;:14,&quot;y&quot;:2,&quot;url&quot;:&quot;http://lh4.ggpht.com/Q6C-I7Ji5Nu75jBNhMCoJN8EVWkpbl5nBuKJJwoG5WTC0ZXlzFO2UJihDHR7x47hRS2OrOlPVHXboWV7Y_fV51T6ZQ=s0&quot;},{&quot;x&quot;:5,&quot;y&quot;:10,&quot;url&quot;:&quot;http://lh4.ggpht.com/Xt8KJPbcIDNZaTf2_d1iOOnRkbtuin0oq7l5uu-nyTUCcB6YTsBKXHR31y-YGzocCRPbidZ5BC_NXj8F1V3bVokMEw=s0&quot;},{&quot;x&quot;:0,&quot;y&quot;:10,&quot;url&quot;:&quot;http://lh4.ggpht.com/l0cvVR92D-sbnoGm8Fue4SVM5g5IDCDNjaSMS_BkpXGbYiCJ6wDGL_T2kYzKvmLZp-jSBJZATokyLpCRlkuTExuNqsw=s0&quot;},{&quot;x&quot;:14,&quot;y&quot;:1,&quot;url&quot;:&quot;http://lh6.ggpht.com/MXulWCM7MGXWJyo4G26e2LLmKvYM8TNc0dx3eZ8Jz6eNFsSyJoGrsk2aUGjogh1m0K_imGB0UwBw3YR3pO8rNfzbKPk=s0&quot;},{&quot;x&quot;:7,&quot;y&quot;:7,&quot;url&quot;:&quot;http://lh4.ggpht.com/65qFIjBVHaDNQvHUCOJLdklsOLN1gbAywnPlzua7qan5HrYX7kGSBqYuISB4sGnbU0UU7rYFZcSZW8KksmL3WaaACA=s0&quot;},{&quot;x&quot;:14,&quot;y&quot;:11,&quot;url&quot;:&quot;http://lh6.ggpht.com/L5B55Z_imcVh00NJ41ji94rydcxmFGoENE9ucrKrOVdMK0P1NOxe2M4E07TKlUx--f7FZpT4PqTRzKS6JiQkrARB8Bx_=s0&quot;},{&quot;x&quot;:2,&quot;y&quot;:0,&quot;url&quot;:&quot;http://lh5.ggpht.com/y7-9_WwfccyGR4ut_SAISDIwQsZe7VbGxTfyLxzsx5rXp2FlDKU1-hmNWwWvOi7fk76uufrz2wKwdouIHgyAjW4IivQ=s0&quot;},{&quot;x&quot;:9,&quot;y&quot;:0,&quot;url&quot;:&quot;http://lh3.ggpht.com/VUMt4-rXfVJ7t5IRgUZklIyp37DCczIK3He7Oc2tbS7sCy5KwakncZQ9xOciw_DjCbYxzgZNN2H4oP8GtyNDlzt4bw=s0&quot;},{&quot;x&quot;:8,&quot;y&quot;:7,&quot;url&quot;:&quot;http://lh6.ggpht.com/js9gN6qQsabArSESp-I0uZeE3QrsHVdYHJvMqf0daZVxtXZQcctFx-lNkJIQGH6aDKlw1Z8nVRRvqWznw9CSYOML_DE=s0&quot;},{&quot;x&quot;:5,&quot;y&quot;:3,&quot;url&quot;:&quot;http://lh5.ggpht.com/cNvU_eRK6714AfsNkKHF2qJuEVkj4ZxwyANd4xgnPY4QySmnkLyr3d-X_ACBdZm8fQys3eqGP8HFjMnlOupNfnnw5Vh8=s0&quot;},{&quot;x&quot;:10,&quot;y&quot;:2,&quot;url&quot;:&quot;http://lh6.ggpht.com/q3vo5DaZaGkbDp9pRZw9fS_uZAMZ4fftq-VusmfJrZbzkwDgXLB8qw-M7JZrZXUqGoiuEx5p3Mgd2MN7Z7bKT2nVhPs=s0&quot;},{&quot;x&quot;:6,&quot;y&quot;:3,&quot;url&quot;:&quot;http://lh5.ggpht.com/0X1FkPIJRo8eLQ13GF7K1BD5x51BqNJdE7yu5Z--zGXf2vOUlfJLw3yNFPuqvz6Q0gSwM6UdX0FoHS-jDembdg6gbjJU=s0&quot;},{&quot;x&quot;:8,&quot;y&quot;:5,&quot;url&quot;:&quot;http://lh5.ggpht.com/FAQ6aen0IN4XKyzxjSHSZr6MuXih0iKPez2tjZeytGK0INMufzj-lb8i32dI1zMeiE4ie6LcbZXOlJ5k1rx69D_CFQ=s0&quot;},{&quot;x&quot;:11,&quot;y&quot;:5,&quot;url&quot;:&quot;http://lh4.ggpht.com/6u9UJsr9wEKZYkujjgF-pPaBZOiPS2dm4mULqZ9NFpGL9AfzH1AcmS_LXtPiaIKTCWrZvPVUeV9T3PnubtNeSTWjag=s0&quot;},{&quot;x&quot;:13,&quot;y&quot;:10,&quot;url&quot;:&quot;http://lh5.ggpht.com/izEBw-VQrPhNGGcpGuENpejx8zw-L1BI7GhXB8hnRbMK-jne-3VoWEzPaJHBccpq9lwaa3c0MQiU5NkZ3Sp4FdoPNwmb=s0&quot;},{&quot;x&quot;:8,&quot;y&quot;:1,&quot;url&quot;:&quot;http://lh3.ggpht.com/Cws0Je9mGiGrkuMHOCL9i8gJNU7wX8c_BPisg2NV0s230VgynlIku8hH-ztWPukgmPtOORB_pNAN5SKeyrYGd5o1Z8w=s0&quot;},{&quot;x&quot;:8,&quot;y&quot;:9,&quot;url&quot;:&quot;http://lh6.ggpht.com/wJz19gtdJCWdyPLRF0tX_J_QD2paFkhXPuVh6OqgGuoW5G1fJ7FbZKDyrome03iO5bCOU6e7HcFTxeMch6pftKgHRg=s0&quot;},{&quot;x&quot;:14,&quot;y&quot;:4,&quot;url&quot;:&quot;http://lh3.ggpht.com/QiMoVMkv2YWVldxXk-VfSXZB-36y4x2Sl0xZWSJhuW__ljhRhSe49HXilxhyCwqeMG9AcZV02FU3rDXS4Ptoxjxn2A=s0&quot;},{&quot;x&quot;:5,&quot;y&quot;:4,&quot;url&quot;:&quot;http://lh5.ggpht.com/PicZo4WigUX8BrDADvkVY_RsxLtGVue19riVB8e-lTUltjcLfvraPp0PyVh3gXAn_YGmNv3pfs6fMgzBrhzxgomlUA=s0&quot;},{&quot;x&quot;:12,&quot;y&quot;:6,&quot;url&quot;:&quot;http://lh3.ggpht.com/qu351VYf5H0BifF1b11NO5mSih31mlN1F7SYFU1ijTSdZ6dpFYv5TtpDfb04N2G6To5UfLgoBKqMsb_YC_8eOq1igiQ=s0&quot;},{&quot;x&quot;:15,&quot;y&quot;:6,&quot;url&quot;:&quot;http://lh5.ggpht.com/KhvzN-VBEGEwxQn7aqJjproogaUSqXh3zI_hiZFqxvllC5DdS5xVupgx1kydHzjTbjUZJDs_NZPrHWb5WP9hsw9UY0re=s0&quot;},{&quot;x&quot;:13,&quot;y&quot;:6,&quot;url&quot;:&quot;http://lh4.ggpht.com/1Xj4ybHVmrWje61fV3xaBDwDlJVR-6rG3JIceouh_-EfnqiHn1BJNJa9buAfZm_UZuGeGMOqjZpqbEdrPzIDq6Jyw4A=s0&quot;},{&quot;x&quot;:10,&quot;y&quot;:11,&quot;url&quot;:&quot;http://lh4.ggpht.com/QXIh8uxqTlru1LvtKiKNK3l4GeHcoFo7qmgi_JRTDaPnN94Roe5Hrt4BS9ztCqHaIglp8T0V5HKhvWMWUynZhMrTWsk=s0&quot;},{&quot;x&quot;:6,&quot;y&quot;:0,&quot;url&quot;:&quot;http://lh5.ggpht.com/iCFbnH5HwYvAOlapogdwxZzVcQjvm3stvYiHszTJRQHjB1r1K9fPsN4PK-xqUjHztvq4ilySyzob2E43-BAGRLPP5A=s0&quot;},{&quot;x&quot;:12,&quot;y&quot;:7,&quot;url&quot;:&quot;http://lh6.ggpht.com/oMxkNuyckmTuW7nw2zAtQEIn7VFd0J5BPnr1Nzi2SVqOGBiiM8zKa-ZqEgIehCPxpLCFjhznDZW26j6AF9BeFIWm3-U=s0&quot;},{&quot;x&quot;:1,&quot;y&quot;:3,&quot;url&quot;:&quot;http://lh3.ggpht.com/GgNZfeBDTIUke-PriAM57csFeFcDPe44oFiIZoI9-X4p6rsE4KMhlRjvWq6nRSv6-JMry_NvlhL007yY348TjYrrh00=s0&quot;},{&quot;x&quot;:11,&quot;y&quot;:2,&quot;url&quot;:&quot;http://lh6.ggpht.com/5m0DsGm-bfMjI3NIlkHHSlKM940_8YGUpBJRK6sY6dlqMXsxnouHUP6-Vu2rSBXIOvubIbrV1kkYwOxyt9DcL3Q5Ow=s0&quot;},{&quot;x&quot;:2,&quot;y&quot;:11,&quot;url&quot;:&quot;http://lh5.ggpht.com/DbEhKkuLtR88nLlYZ_m3U2MuvPt63Xk0PVzBrNi4do7LtMvm7NKyxs9wPu6Ks-LXauqHKtcYHeoFqyJblAy6kRz9P60=s0&quot;},{&quot;x&quot;:15,&quot;y&quot;:10,&quot;url&quot;:&quot;http://lh4.ggpht.com/K15dK0EEwT_EiWHjC2sxUfCRBlYGCREkkBOi5BaYEDkBz1lsMW8D1n2CWqtTIoqIsSUN5JBAms8-zCvNBmSaNTpFCtc=s0&quot;},{&quot;x&quot;:1,&quot;y&quot;:10,&quot;url&quot;:&quot;http://lh4.ggpht.com/ZEyfn9ZsFYJqIs4P9pDmGXRyBjWWl4UntYqiKYYEcXOojty0uge4ulBSL_r7BgnxBbIlrw7a4KN3Xm02TF5Ssxu5KiA=s0&quot;},{&quot;x&quot;:12,&quot;y&quot;:1,&quot;url&quot;:&quot;http://lh4.ggpht.com/IROG-DPJvH3dFTQoAoGV8-OTBnoJrS94xJ7KQUf48UmrOIW6QUkoG1nTqU-rEtbBfUcquqbhbKW__aBeY_SrwdQoYg=s0&quot;},{&quot;x&quot;:4,&quot;y&quot;:9,&quot;url&quot;:&quot;http://lh6.ggpht.com/PQnbdUbDMOlMyjapVvunZwi1YvGgOp5HXGYM3URCcEAEyK67esD70sDKCTXAv2mxkEl1vtso256SiqxjT0sKsqX75Q=s0&quot;},{&quot;x&quot;:8,&quot;y&quot;:4,&quot;url&quot;:&quot;http://lh6.ggpht.com/vpfsn75FXv43y2ydATZPuNFOgg3JdPZkYaL6jCPQb12AXMwaiOdWzHpZEuViMugDXKw750Iu8LNddu8_ozOzr4dVYul_=s0&quot;},{&quot;x&quot;:13,&quot;y&quot;:4,&quot;url&quot;:&quot;http://lh5.ggpht.com/ggyeO7BkCQ4yhmaNWNyGwCKGWja_wkujU-QbaQr1jt9_XWh5pvBB7hk6FAbhuKANwrvwB8IOF7--JtgXyIff59S1AQQ=s0&quot;},{&quot;x&quot;:3,&quot;y&quot;:4,&quot;url&quot;:&quot;http://lh4.ggpht.com/1-dZy0Chba3EJ4r446vB7O8Ou2EObOgMP23RxMa_HzED-UyvJU7NFaFmQO6ItK1krkS1vPbzhNvRYQRu7kSZVfZDog=s0&quot;},{&quot;x&quot;:13,&quot;y&quot;:3,&quot;url&quot;:&quot;http://lh3.ggpht.com/L5xw9-Hql1q3_wEvoFZdVmhBfu5iApr7uVa4prc1NZSL54vlM9dGQnBKWlxohDKu7UWng_Od111qyu5EHviCrJdKtQ=s0&quot;},{&quot;x&quot;:7,&quot;y&quot;:6,&quot;url&quot;:&quot;http://lh4.ggpht.com/xNzXvR-lvkjKDKLNcI5wn78cFJOkIMMrv5VvycnoR0B22EUHelf4EtSpkloRJIrL5gXvFOzm-4LXNRb4sCHfCE9C7Lk=s0&quot;},{&quot;x&quot;:10,&quot;y&quot;:6,&quot;url&quot;:&quot;http://lh6.ggpht.com/N92XJwrWPmAUfydgJ0I1Jsxo4GQM6-OZNIhWm6Uui-F31K3GXWnsZmpyHnfelanCYhmSo_xDOnlrkOjxzx2crmcGvk0=s0&quot;},{&quot;x&quot;:4,&quot;y&quot;:11,&quot;url&quot;:&quot;http://lh5.ggpht.com/28zdntKjjzSLKLqNI_9rUdYpDYGl3_WGWPYUZpVBt6atrSrnZ9Qi5GOPpiyuKORqkiVj787L4fy53ePv8Wg9SzUPn_o=s0&quot;},{&quot;x&quot;:0,&quot;y&quot;:0,&quot;url&quot;:&quot;http://lh5.ggpht.com/0dfTE42O-MF21-xUlj3CuIBkt5jfv2OZTJTl56lhIB0qbsSvXqAMqubvEJTtXZS-671A1q-6Wc9-ReQd8seak1GQeg=s0&quot;},{&quot;x&quot;:15,&quot;y&quot;:0,&quot;url&quot;:&quot;http://lh6.ggpht.com/527JLibCL2iw6XmE-clHKE4Hj7lyeFWKLrMMaRjM1KTj4LvrT4UJGFtzgoBvUW4uo_oeOhPEWA1pKrQqWV7kMVKFmN8=s0&quot;},{&quot;x&quot;:11,&quot;y&quot;:8,&quot;url&quot;:&quot;http://lh4.ggpht.com/Cb1RRtVcs9ze1iu28pTJuDQh34xOA4RQ-25a3xRw9de1ALfCX9WC5cjy8k4hROYVxU3N7oPPhFtQ1fJrCUjO3vKKrw=s0&quot;},{&quot;x&quot;:3,&quot;y&quot;:0,&quot;url&quot;:&quot;http://lh3.ggpht.com/Zkpd7cjyZbI4Bio-Xmg3WnMbwhpLhMPwrhxr2wVaL7UHkfQr-rxqbx4nr8PpPo7IBEjKTkyA4JH8DPJF_kfBa0oIJb4=s0&quot;},{&quot;x&quot;:10,&quot;y&quot;:3,&quot;url&quot;:&quot;http://lh4.ggpht.com/dAD9WGb1lSpeJ0OopwGDW_ihQc4DqeXf73kN29J_K1cXkJKLxYQxjSIK5ua151dSFZ-JNaUX7lUULZQpEnpjBwTKkg=s0&quot;},{&quot;x&quot;:9,&quot;y&quot;:3,&quot;url&quot;:&quot;http://lh4.ggpht.com/QDe4ZumCYaXTMJvdkQ3Zjfsya8ZO8gb0I8ErIYYhqD5iGMraDt19QoVrnqKejpQuCHjIvpUQKmV3CRTtk1AmQpqx5Us=s0&quot;},{&quot;x&quot;:8,&quot;y&quot;:2,&quot;url&quot;:&quot;http://lh6.ggpht.com/kE0D56RmAbYlg8VkNQ8T5m0S4aCUoJYuE8tkDxGDf7_gbF6FghBPV5UWY7sHiavvKsPGPbHTyj01Yn52RcobJh6XxdzK=s0&quot;},{&quot;x&quot;:3,&quot;y&quot;:6,&quot;url&quot;:&quot;http://lh3.ggpht.com/ad0vsVE6a4gZoVbr8pPpYrpwWkIbv0IAmjWHbuFgBD2Dcopunm_t2br8tFy9DtkXNaPAPCUYlOrituXsywvsmYdnJou2=s0&quot;},{&quot;x&quot;:9,&quot;y&quot;:10,&quot;url&quot;:&quot;http://lh6.ggpht.com/SiCMXXR1G-8vcCB4AR8lb3-kXLivUAooDZOhtiteS8zH-PQg_Upp1ZF73j6JMpnfw5esSYnYXLaY-UwUzWSV9Fxvzk8=s0&quot;},{&quot;x&quot;:2,&quot;y&quot;:2,&quot;url&quot;:&quot;http://lh4.ggpht.com/-kBKE6vTuroIhmPBRoyKUXUbV-nY4PyNxDnnvMAJ2X82xtp-UveZmMc4izxOSHEU7MUYL0-DkWWHnu0TN6LIhDcxa5w=s0&quot;},{&quot;x&quot;:15,&quot;y&quot;:4,&quot;url&quot;:&quot;http://lh6.ggpht.com/GOmS1gxyRn2v3pwH0R3nFcj5GW77QQmvcqG58hJF_u99RHVn1lTHEdWL2l8LzpDgEqfiOtHCifLPQl3KCjG_R-R_hNex=s0&quot;},{&quot;x&quot;:5,&quot;y&quot;:7,&quot;url&quot;:&quot;http://lh6.ggpht.com/-1XjcGU74kEXXg9sEKqLRNBx-Zpdyo2fNfGmylZ48ODHpjBDhI_Gie9fTIVLNn9qwOKBStgeAgjsY5BQZE3RRocPOfg=s0&quot;},{&quot;x&quot;:8,&quot;y&quot;:11,&quot;url&quot;:&quot;http://lh3.ggpht.com/JsL3Erl64P4qlj9t_q92zr3Ymjoih2vdRPQ9VIy-HuHPOtqctfaSIIZ61YPpjND8FsU7e63jPyH4ZSVMLygY0wUt1nNa=s0&quot;},{&quot;x&quot;:14,&quot;y&quot;:0,&quot;url&quot;:&quot;http://lh5.ggpht.com/ST__NWcmx1jQaGpjiyFuW9aADH2G8sHOKQAXHCBgrb1Kl0_UBbXgcQ5fCEitWHE_podMsHahduAfWUvnmNZxwsMwWx6M=s0&quot;},{&quot;x&quot;:1,&quot;y&quot;:1,&quot;url&quot;:&quot;http://lh4.ggpht.com/7rV2d9cAoPHVciZlqN5k4bP60f99g7lJjW4dgkndXLAH7594J6Yf7nKaMsqMjBP2NcdPzI16sgXIXDuneNa85-6fxyM=s0&quot;},{&quot;x&quot;:2,&quot;y&quot;:8,&quot;url&quot;:&quot;http://lh6.ggpht.com/p2VWZDpZDmdtfJyWooscqIqWSeTN9muNOIwdHuuGsKv8pqpg1oM7WXkbijcyETjvc5iqA7yR0_Pos4r4T2LVQ3sY0Y4=s0&quot;},{&quot;x&quot;:9,&quot;y&quot;:7,&quot;url&quot;:&quot;http://lh4.ggpht.com/P9s_KG-y-tm6u02IBgQex6GSVM00h-dk7Lc52wvnZ1RZooirL_f2sEtcHllOHiO9jfzyXUFnobTe59vOoOUuRNAGY0o=s0&quot;},{&quot;x&quot;:12,&quot;y&quot;:2,&quot;url&quot;:&quot;http://lh3.ggpht.com/GyHFG_9pvP1RmIumKOMiuKJj_ooesrj2wb4DwbXkbX6qCHtub-53ZGfTPcWg9ysiU4i-0sxTJKv9tV5akqmLAbvObg9W=s0&quot;},{&quot;x&quot;:2,&quot;y&quot;:5,&quot;url&quot;:&quot;http://lh4.ggpht.com/VH8rwWt80MUBBiLfWgbwdSfuHxtMFNJr5rNQxgeHv-9Q-ysGa89-6LFdrLI9thaG_upFSa2RZ9vs_Rlc3XPbW5kkMdY=s0&quot;},{&quot;x&quot;:4,&quot;y&quot;:2,&quot;url&quot;:&quot;http://lh5.ggpht.com/6iPrXWH-JR54tvCtdW4xcsu3orK8KfgqGGBF7jTQ9ZrBe8wYyNKClfFod3Wj-fnhj4TxjyZ3MZFoB-X919Xnns9fs_g=s0&quot;},{&quot;x&quot;:14,&quot;y&quot;:8,&quot;url&quot;:&quot;http://lh4.ggpht.com/pBi6DI6XzzqkgXiEr6fy6n0MaMuaYm4GzOhR1rdGmQK6Vn23HPfaNnYOH3nWGhH7lFuJ_B5w3D6e7nUzVOxUthXc5D6c=s0&quot;},{&quot;x&quot;:6,&quot;y&quot;:6,&quot;url&quot;:&quot;http://lh6.ggpht.com/fsm5HqHvz4nXK7YybiVrn4IXgAO2wnyoBOaYf_9pO1bXX06Qb3Oj8LzGcfjvtkRX2wax0Ut2-q4zggXvj5tBQ-tqtQ=s0&quot;},{&quot;x&quot;:13,&quot;y&quot;:0,&quot;url&quot;:&quot;http://lh4.ggpht.com/vbLD1k_tINlwtpTGdBypAXebOfjLxfVIPDz9Na61QCpOyQtSUaEBNbvnjNMb6b3y8IGs0JRzgBgXDGvocL2b_2wzlGs=s0&quot;},{&quot;x&quot;:10,&quot;y&quot;:8,&quot;url&quot;:&quot;http://lh5.ggpht.com/qwHcT0wAmUZa9SFK_l2txz8d6yz4SN0VHuJYo2FYEWqzLmgCpa1qb69izbCraMRObmePQglV7v8GMBRZJLqjaf9maw=s0&quot;},{&quot;x&quot;:1,&quot;y&quot;:5,&quot;url&quot;:&quot;http://lh5.ggpht.com/KvjQJv-b1zyq0AunET-RL9E5JOVsm_2a-lO-h1rrwbhcK4EXxotx3Amfb5NWJ0XYzL86LbHQ8ANsjVu6RgMQFFWCUw=s0&quot;},{&quot;x&quot;:7,&quot;y&quot;:5,&quot;url&quot;:&quot;http://lh3.ggpht.com/s0NxLWWdqqRgWolsrL-fRwUsyCIw63CVkZGsikM6KgHp0e6anobGFi3RmsPNS2VdCvcRLwaqXFr2N09HKl5m7Ty70E0W=s0&quot;},{&quot;x&quot;:13,&quot;y&quot;:5,&quot;url&quot;:&quot;http://lh6.ggpht.com/wP2c2z2MoEFy3HeTL93NoZFJYOsMsRyRqx-wd982nzj1nk-eDZbV2GhX-8DCB3gWcC4TYCpcCTdR2JwQiAuych5x1Ipw=s0&quot;},{&quot;x&quot;:7,&quot;y&quot;:10,&quot;url&quot;:&quot;http://lh5.ggpht.com/yt391MlEw0qgT3rintq0tOtF8MP9LKPAx-6l7-H798hxytXyF8oNYbH4oEcUpWFWgv_TeW95L-O6_ah7Z8LSiBjVyAU=s0&quot;},{&quot;x&quot;:14,&quot;y&quot;:10,&quot;url&quot;:&quot;http://lh5.ggpht.com/aXJ0T0hR462qV-6LJYf89jKkUmq6cD9U4VzZTQBJCtGTMsHMRyj9Kk7zW1zl9fwncxtM2q7EGCGmt_6-iamKbJx5XSA=s0&quot;},{&quot;x&quot;:0,&quot;y&quot;:11,&quot;url&quot;:&quot;http://lh5.ggpht.com/RK_LZ7xMGhvbF2zy0vmf26-oYj0zb7PAQ9d5J-XvhM3wrpju6zXkGl0SVYWw9M7YrVKZnUBOSbQXfPaP2iLPaFqc-Y4=s0&quot;},{&quot;x&quot;:7,&quot;y&quot;:1,&quot;url&quot;:&quot;http://lh3.ggpht.com/Zkug0xJdBjSL9Lj-OJL0BFq_t_3B-3Uf3O5Jl6i9UbjJsamMDXmatq3Fmj1K2AItTC5US2kJGWeZuES6dHWAIT_3yxBc=s0&quot;},{&quot;x&quot;:10,&quot;y&quot;:1,&quot;url&quot;:&quot;http://lh4.ggpht.com/jl1cxEnXDmPn7udBMmK0_SiIafgWIOsNTMLAKHymhjxy7KuVeEbTrt2fnSpJjcFiATxQ-U5j5qb1eDX58rl7690vVT0=s0&quot;},{&quot;x&quot;:5,&quot;y&quot;:1,&quot;url&quot;:&quot;http://lh4.ggpht.com/W8Zp00sSmIIFLAtU5BiA_Ke04UNuZ_3l6tpuBPfYcyrwrR9ScNX-ZPaWOuBeOjN65Z-FsJwbAqkifeWgoi37ypHTH5Yp=s0&quot;},{&quot;x&quot;:9,&quot;y&quot;:1,&quot;url&quot;:&quot;http://lh4.ggpht.com/02Disg-4cTfDqleSFZ2Pd4FSDJLDLKIE9fJqGaoDLuP9GVZkUIqMNlUnb7uTV8UfSi9xUnw4YMk56U1JlwlgfGRYog=s0&quot;},{&quot;x&quot;:1,&quot;y&quot;:7,&quot;url&quot;:&quot;http://lh6.ggpht.com/JbnnTZTlqzgoRuIXbBwJ3znkGcXH5kudHg8kODnFACATPyXGxZZnRJieQ3srtosT7oTUMOqQI0MZs5dyNNH6BDDyTGE=s0&quot;},{&quot;x&quot;:11,&quot;y&quot;:11,&quot;url&quot;:&quot;http://lh3.ggpht.com/3ZDTZ1ohjBwh_wpXMyg1lf-W79I_uLXHjwxv62TzkKcZY14At8io9aZ8EQgI58BOUmQVq4OhsP5HDhyrveFjSBLC1R2J=s0&quot;},{&quot;x&quot;:4,&quot;y&quot;:0,&quot;url&quot;:&quot;http://lh4.ggpht.com/ckvGGA340ldOX779diHeC7_w6RCCJwPzzyGWjsi4eFdOzbFhOu_xbx9YtPUZZ3ATAPTwNRKnucu0Dbq9v5QmbQZhJg=s0&quot;},{&quot;x&quot;:15,&quot;y&quot;:2,&quot;url&quot;:&quot;http://lh4.ggpht.com/KtIo9_qhmsjIdmGCZkvQ2ICPnY2aDJCPlkX3sOhILAzRgdV2reDIcRUszhGcmxsHXDHx1Bv0gsJunkJ-TkMgGEF1s74=s0&quot;},{&quot;x&quot;:0,&quot;y&quot;:3,&quot;url&quot;:&quot;http://lh3.ggpht.com/Gd3Lksssf6gxJ0Y2KUXkMarqqYo3G0CqhANKc37qCKGfLcIubjHsz0C632GDflREm6rhPGaVTaSKuioFn80mjyX1rrUx=s0&quot;},{&quot;x&quot;:1,&quot;y&quot;:6,&quot;url&quot;:&quot;http://lh4.ggpht.com/G_8DLbmK4kTkFvlHVt0nz2qZC4715Qe5Dn-_MIgJ9jo-6v8f7aEzmjsXD4rq1Ai-8e9Py2cL9WK_Bk7vJtcIC9BglNk=s0&quot;},{&quot;x&quot;:12,&quot;y&quot;:9,&quot;url&quot;:&quot;http://lh5.ggpht.com/B6EATfSg977qp6SY0cTZDjCxDRmI4kfwZHh1atdSRQMzeThkMGQL8PDHvtLevGvIv3Hxuk9Uc0wFIFhap3XjMVcmCbo-=s0&quot;},{&quot;x&quot;:0,&quot;y&quot;:9,&quot;url&quot;:&quot;http://lh6.ggpht.com/xTIG3KkZXikN585Js1-MrjoElAgKxU-IL_Ca6Mi8MGn1agqGOc6pUAobOAXTHR69vdN0WoMyIcwQXyyIi_LHFYeLzg=s0&quot;},{&quot;x&quot;:11,&quot;y&quot;:4,&quot;url&quot;:&quot;http://lh4.ggpht.com/eSnYMz6kp6qT1wg9UHZRXaWNHsbalqLfOcHg2mGcBIrAonZJCvcAetvhDR9Pazjra90t53bBHU5AP1tmgRRQ1_Z45PQ=s0&quot;},{&quot;x&quot;:12,&quot;y&quot;:8,&quot;url&quot;:&quot;http://lh6.ggpht.com/0fhZ5ov58P-vdWs77-wwea8BB_i6IxKHGq_8zT_Crth9cXCiDjFhvNnyKWT8MD4vjrfxDH3uPyGb32RfI27G5hxRXQ=s0&quot;},{&quot;x&quot;:0,&quot;y&quot;:4,&quot;url&quot;:&quot;http://lh4.ggpht.com/kbIrz8BrXtBnLj701AppmpSRoYlOC-CU5p3XdUD8_rWmE7SfjtcGOWzyE9kxlKkLMYGS4vhVCjks34BW1klsvCCMFAk=s0&quot;},{&quot;x&quot;:5,&quot;y&quot;:6,&quot;url&quot;:&quot;http://lh6.ggpht.com/iay0fs1UdqFoYg0D83PNM_ypWpPTRu0bKuZzi07te2bw3FRZr89ShQOSntEtDDFpw3P9NVmq4zOxlrJ_Kk7yoro1Ig=s0&quot;},{&quot;x&quot;:11,&quot;y&quot;:6,&quot;url&quot;:&quot;http://lh4.ggpht.com/IpT4Mfhijcr4JYJwfCPM74rZ-30X9MJiLK5x4WEIMjHB8hJDFEStwOHjLAwsertB1STbRh5Hzuf16Y-woiIRFJkljYU=s0&quot;},{&quot;x&quot;:7,&quot;y&quot;:11,&quot;url&quot;:&quot;http://lh3.ggpht.com/hhv-QfkUn-VroBbcLxCFuvAVmK_YuwoyUc6n-Te1gFdjddHmKotpb1toH-l8jLnurRU_sTgutUfOPwdWyuAwzK6cwlA=s0&quot;},{&quot;x&quot;:5,&quot;y&quot;:0,&quot;url&quot;:&quot;http://lh3.ggpht.com/ktUppC6EBiX1vVdRcrYsOf27Q07dlrxZzNACnW8_c4wBfHixZib3Ww57n7WXDxQo54Dw5r0VjmIuA27uoTMiDSjybUk=s0&quot;},{&quot;x&quot;:7,&quot;y&quot;:0,&quot;url&quot;:&quot;http://lh6.ggpht.com/F7CXMBXyeYPtYO9CS3MfrHBEy74k8iVI2cCBjGbBncLQPtZ6ahtqk1J7SSoT0tSS8lk2RRD--_rBaD25pUIwUmPHmoQ=s0&quot;},{&quot;x&quot;:8,&quot;y&quot;:0,&quot;url&quot;:&quot;http://lh6.ggpht.com/Jy498ZArPW1tenDw2tPM0rfp6grW7D5CR3R1E3n7cEW2AZuFOg8KGjMyOP8SlNHDus571Kb3HtkDKmP9Tbz0fUbAXCk=s0&quot;},{&quot;x&quot;:9,&quot;y&quot;:8,&quot;url&quot;:&quot;http://lh4.ggpht.com/Yj3Xz20-GPh2SyySNby3i1Vk4t37agUPFosS3CmzP1ZsoRbm0jsLEwwHggHP3-_7KYdoMnI6EdhARXsEQN2sINwVZ0Y=s0&quot;},{&quot;x&quot;:15,&quot;y&quot;:7,&quot;url&quot;:&quot;http://lh3.ggpht.com/HT6gIL-pAlsrox5vr7Zc5GeOZsJnG9iDsY_YT0e-P2lw-T00Bi1GVPZALvq2-oZRqAvkfU2NBnIWjH3kTqOO-uik_Yo=s0&quot;},{&quot;x&quot;:0,&quot;y&quot;:5,&quot;url&quot;:&quot;http://lh3.ggpht.com/rrly0Ibrj0_DX4bAwiyq7b4BzQ_pHpsjoB7ToSMFgT1sGOcPPVeLdxU2jaNYz9tGJ62omGwLftbwOHI_IgPNvQipag=s0&quot;},{&quot;x&quot;:1,&quot;y&quot;:11,&quot;url&quot;:&quot;http://lh6.ggpht.com/u2w_durnUqWhYXc7PzB9FoVqc9k8jXLoMZc9brzcr78VurRQBdwN3YGPP_koE3UiTxFsYHUHp8Ulu2dPLpYMGMiH3A=s0&quot;},{&quot;x&quot;:1,&quot;y&quot;:2,&quot;url&quot;:&quot;http://lh5.ggpht.com/q_QEAFXM_VvHPLULKEHAL2gYPrx1_dbuoYk-aXmFysogqXrVG2inq2qJCKKJ0PUfPDVG--o3iwgeMAbtNtIttmzyJew=s0&quot;},{&quot;x&quot;:4,&quot;y&quot;:1,&quot;url&quot;:&quot;http://lh4.ggpht.com/BfcvcMbShc2a-QRgq6FvKYRQDj-DyvfEXuOGpjjOEuTNSSYU5smmof76TLaqoujiCgA96XeMKS_NiMn8Xsbz5nbv=s0&quot;},{&quot;x&quot;:11,&quot;y&quot;:9,&quot;url&quot;:&quot;http://lh6.ggpht.com/6bSLPo8ZfpifT21sBTZ6RLQWQNgsgckKd1PEJUE01dv-njh7-PK0UEqHLyMney0Pvd9JfuU6UUAr9fRs-U9Cgcvo4bZU=s0&quot;},{&quot;x&quot;:3,&quot;y&quot;:9,&quot;url&quot;:&quot;http://lh3.ggpht.com/rKARgrvjHAnOt5n6RtcmAPNh9E_pe_rnJHBxyrEhqlYt5cqyU2WBxagyZi5gWnnoZ2jHifeNM2cmJQIagbUSi37WFsQ=s0&quot;},{&quot;x&quot;:3,&quot;y&quot;:7,&quot;url&quot;:&quot;http://lh3.ggpht.com/46_C-dtsxu5lHBvT-5V7dN8roCEko5vuPl-OsDSlagH23lFpCCZmaT4lgZVLAJK2VE2h3Uj_7ac9wRWjIbzFXWpol9E=s0&quot;},{&quot;x&quot;:11,&quot;y&quot;:7,&quot;url&quot;:&quot;http://lh4.ggpht.com/SlO3N3aY9CkzhEIUE-Tp7i22GQp27mNHGRZXyCoA1PW4dr7Fx0Iu8jqXbvcFcE9LZkgHAAw6UvpaE9EAoOd8_EUOOAQ=s0&quot;},{&quot;x&quot;:5,&quot;y&quot;:8,&quot;url&quot;:&quot;http://lh3.ggpht.com/slRaOLGQsKA_kfIbqa878axbOJaO2OIHs6oZDXDfKOIWdfMzf0ki33YM8-jSyaJJNzef4E5KYOkMeWhBZZp2ZErd1Sbv=s0&quot;},{&quot;x&quot;:8,&quot;y&quot;:3,&quot;url&quot;:&quot;http://lh6.ggpht.com/g0TJHqlPvIDnE53WT63JBD-RqL_CXNJqa3z_r8U9IATbuMSu0jUGtdZelfbr8r7xhVPlkcUTX6CtQgyaYQytkJSIeA=s0&quot;},{&quot;x&quot;:3,&quot;y&quot;:3,&quot;url&quot;:&quot;http://lh6.ggpht.com/gy69ebEYkUSfoGsotpZJ-ILrhpHy-8drLGvrGEHppdaAdA5UdgwZxqjTqLf-fqgs81eib3vVJolFKoTxXWTyM4OgP20=s0&quot;},{&quot;x&quot;:4,&quot;y&quot;:5,&quot;url&quot;:&quot;http://lh3.ggpht.com/MIfnrUox0DSZ_7wrMHrsjnbPwwWqrOoGXamErZNU3_RPqH0-NCiqk-FfqeY11BU0xRqNQkDFRsYPY_G8VNmOamQuvw=s0&quot;},{&quot;x&quot;:2,&quot;y&quot;:6,&quot;url&quot;:&quot;http://lh4.ggpht.com/Yz7uLfAz07KNH51vC3gIg59fz6U48VdXzexanCTiumcts7sh1Y3U3XDX22e-lEQl_wh3mYKC_kWFI0crfrPuXRg8_RA=s0&quot;},{&quot;x&quot;:3,&quot;y&quot;:11,&quot;url&quot;:&quot;http://lh5.ggpht.com/wmSeC8qwKsS4-C6KHbjLpLvX_cTLXRs40ugOd5DErHIVwLehHHyWcSyg6sWMq0VlbEJOd_aOIS5AJXUyWeyamiIg8gI=s0&quot;},{&quot;x&quot;:0,&quot;y&quot;:2,&quot;url&quot;:&quot;http://lh6.ggpht.com/wMn98Tox8Wo6npDaP9HC83FX-Y8xBPuaMbeVL--lvIjIgWuSJsu0KnUhvnvxme-vrWnM8QzBCCNWKJiCEpljVulUJA=s0&quot;},{&quot;x&quot;:14,&quot;y&quot;:9,&quot;url&quot;:&quot;http://lh3.ggpht.com/i4Tx-zTnTL3N-U9_mCyds8ejRCK06x9FelTZBtd5yC7e5uFM2I-S3-dKOZsUjqFCKO-4_E2TaQrtPWBBYs9iwnNtuscq=s0&quot;},{&quot;x&quot;:13,&quot;y&quot;:9,&quot;url&quot;:&quot;http://lh4.ggpht.com/75JmapkSSvEuFYPOvYb30InO7-cCX59BnxiAHyzRKKHxv_sfuomfbaQaabiLWoB3J0XE4s5tOtLCOZKlpvicsssY6g=s0&quot;},{&quot;x&quot;:8,&quot;y&quot;:6,&quot;url&quot;:&quot;http://lh3.ggpht.com/wqL0dHE51RcVOu6dDn3MssbZzp3Uqk541hv2GaGJRRwueyVIUBaFy2QqgxUny-vH1aVbnPa_ZP6sq9larpSjiNmMj70=s0&quot;},{&quot;x&quot;:6,&quot;y&quot;:7,&quot;url&quot;:&quot;http://lh6.ggpht.com/tdI4Lp7TpLlyPQ5B9MpeOioYuaxmAgSzNdJDVr_nSpgSQhLBMVjqw8HvbIFxY3eWCMwEss-4DrmXR1GHqOqzPQCfDbE=s0&quot;},{&quot;x&quot;:2,&quot;y&quot;:1,&quot;url&quot;:&quot;http://lh6.ggpht.com/0m5_0cOZlKTtnwB17aUPexM7DiD2pFoMRm4xSyr9JepdhuxPd_4pZKe4UyfEhmJ2IAVFpfZ85tEI1V0vG8EKMT6bTg=s0&quot;},{&quot;x&quot;:1,&quot;y&quot;:0,&quot;url&quot;:&quot;http://lh3.ggpht.com/xDSeEAjaGyTrcMl2qcEliuFx3d57YNECuu7V-8rslacbWosaK9H-COjgb-NfFhk3nx9w9wtnUpXR1gP3giqj0CvEqBTC=s0&quot;},{&quot;x&quot;:14,&quot;y&quot;:7,&quot;url&quot;:&quot;http://lh4.ggpht.com/PDV8WS6XjtrhHIVG836j8VTFm3n6vJ1RgF0BMhKxeEcwQr5kPVbJr9iY5f6Vdh6zgZQ9bq9mhBbWu16zjslkiKsARA=s0&quot;},{&quot;x&quot;:10,&quot;y&quot;:7,&quot;url&quot;:&quot;http://lh6.ggpht.com/ot_deBVw3ObUcnCpUQ6DziABwfNuxN7YYHGU-KKA0lS6iewGxjdytGvx-iw8yvop2lsrKNZ-565AnlZqQpkTNOr1SPo=s0&quot;},{&quot;x&quot;:1,&quot;y&quot;:8,&quot;url&quot;:&quot;http://lh5.ggpht.com/vXUftQp8hCauu3v5iF0qXFMlZQGHEgf7SRRCI3rKM9c4YqDVUhJFEUH8Q0deyLCauEqScLRZ7PpbQhYqIDq9Eky8LEuw=s0&quot;},{&quot;x&quot;:12,&quot;y&quot;:5,&quot;url&quot;:&quot;http://lh6.ggpht.com/Ue0I126CLCkC1ZvCAhmLxKp9ZKHKUWzSrb9HOHayloB9H25WBrgKJ6Ytye_IF9z3CGKpPIWNWGbAZ02IZ9Mf9S7L7w=s0&quot;},{&quot;x&quot;:10,&quot;y&quot;:5,&quot;url&quot;:&quot;http://lh6.ggpht.com/QL-3x0E8UlseImS5ZWnc8IiJw34lDW3E5aZZ4rZzu7CSfwyd05MlgDV_o0Gvmbom_jKMniO8PB2xA7fqv4DznryDDpmg=s0&quot;},{&quot;x&quot;:6,&quot;y&quot;:10,&quot;url&quot;:&quot;http://lh4.ggpht.com/J0OtHf15-LNXeeWrI0ZNEoBLyB6edZjyxa-igEmBqT_LDuOR6D6ZXj6d1dmln3nZxmoY3VdZSfGnvtHhyf3tyiT9sUQ3=s0&quot;},{&quot;x&quot;:5,&quot;y&quot;:2,&quot;url&quot;:&quot;http://lh4.ggpht.com/nLuuEnDgiV-3LkxxifsYpN7OS0y3iFGcImA4r08OH8gJtw4fyMHxgSMVZVe_L6k0ovkMyDcSUAuKMwmVwFfrhVe4YEU=s0&quot;},{&quot;x&quot;:15,&quot;y&quot;:3,&quot;url&quot;:&quot;http://lh4.ggpht.com/fOiV0MvmNEEan2c0WYWDUo6usghEuQMXnmLTXZ9aTrxi_BIM5uSE4oLML6RYYIfGHQPChnLL8kxm4DVB0H8WCaOww4N-=s0&quot;},{&quot;x&quot;:14,&quot;y&quot;:6,&quot;url&quot;:&quot;http://lh4.ggpht.com/_YgP4GQ1PvMdcDuJuel4nKFpWw2VS2T5jr4O53Nwhgqsb3e4Tov0yJsbRKmXC-5yjLkdcy2SvXZVTyy3_YfmMrk0nA=s0&quot;},{&quot;x&quot;:2,&quot;y&quot;:7,&quot;url&quot;:&quot;http://lh3.ggpht.com/Elj1SilZ1YuCMDZeCMhJyFpKK6nMfT2bwJRK_HH1F2U5li7bMVv_Inx_tAsFp88GrZ8tC9UtwI1-tiqXihFJ4GTRzw=s0&quot;}]},{&quot;name&quot;:&quot;z4&quot;,&quot;width&quot;:511,&quot;height&quot;:383,&quot;tiles&quot;:[{&quot;x&quot;:0,&quot;y&quot;:0,&quot;url&quot;:&quot;http://lh5.ggpht.com/vu4ew3WaPUfLVk7oPSuWyMNRmiu0D-jhY7vANNkxNKBaFuEcjvTCDNZQ9BTpyDd0illa4hOKoZoFY7gM9Y6eqOMYkws=s0&quot;}]},{&quot;name&quot;:&quot;z1&quot;,&quot;width&quot;:4088,&quot;height&quot;:3066,&quot;tiles&quot;:[{&quot;x&quot;:3,&quot;y&quot;:2,&quot;url&quot;:&quot;http://lh5.ggpht.com/j8PRQE1B7Uwi_4h0g6iLwi7bYZdXNLw5OXGpDR2-WsDhjmjHGNGq0dl5RRJ5iQ3D43RSu7rQLfpJLII0qAU8N6nkJ5Y=s0&quot;},{&quot;x&quot;:7,&quot;y&quot;:1,&quot;url&quot;:&quot;http://lh3.ggpht.com/KQ7FO2QCCqG_iQdo9lFo1ZJYCUgMRwtsh7y0ooNPOA4f3JwK6n3vHl2qz4nJi5lYY1PmJuA2j2OtpWqgjOO38tl_OA=s0&quot;},{&quot;x&quot;:0,&quot;y&quot;:0,&quot;url&quot;:&quot;http://lh3.ggpht.com/v_uTgV1eU8yUCfpckQEndAMgQ8xFPD26r7gE2A9fr76lWMz-4831CCvSTcyiF1EZICXr5alpWouJQhEkzGgsaAYw3CI=s0&quot;},{&quot;x&quot;:3,&quot;y&quot;:5,&quot;url&quot;:&quot;http://lh4.ggpht.com/PpNgapk3O2LRTxZFd8-E69nFwn50aVrOMjSDBzCdo0kLRvhYjOlmdjhwPGCdOBhUcLXvkQYFwoVr3IIOZJ0YNQQkvFjM=s0&quot;},{&quot;x&quot;:5,&quot;y&quot;:5,&quot;url&quot;:&quot;http://lh3.ggpht.com/rBkyuoYA6QKnLT-wOU97pt5XXLpJerewuVlRo_WjUQPidCGNXt1HPwQ4SaS0bLUCZS85KVIsuWuuc22iSnCiAMr0mF8=s0&quot;},{&quot;x&quot;:7,&quot;y&quot;:3,&quot;url&quot;:&quot;http://lh5.ggpht.com/NP-09kqTIdIg-OnKZ1XXZ0J8nXcxadXJ9im8RcDgkAnhKC1Ai9-8GntNYtjFb2C5U60LFRHf3gyNgXrbGa1l6cS8Y98=s0&quot;},{&quot;x&quot;:2,&quot;y&quot;:4,&quot;url&quot;:&quot;http://lh6.ggpht.com/8vPTqtx0LG_k41ZxdZOfgxBuSsfpI9x8ljbNVcYi0Tm4Gdfa45q1QT1oWWKVYcE0nhsatZrc2PLmSNo23AVqHCdUt0s=s0&quot;},{&quot;x&quot;:6,&quot;y&quot;:4,&quot;url&quot;:&quot;http://lh5.ggpht.com/UOsMs-yU9y8RYQrmrQ-wADV2RtbdOeT_1erf5RTkjPeNTGyL8DMxwmi9ugMb6kbrqD_sba5FPS5543dRxO6azxP_5PBg=s0&quot;},{&quot;x&quot;:4,&quot;y&quot;:1,&quot;url&quot;:&quot;http://lh6.ggpht.com/MoxXkusNROHAQ0Rres1kUObp-V_8wxEndRfZC9iKgRAkGbNdv58t_BG4J7zcpHG7nCqCAe4jEuDw4wrxwGrEfUNFuQ=s0&quot;},{&quot;x&quot;:6,&quot;y&quot;:1,&quot;url&quot;:&quot;http://lh3.ggpht.com/DWWaqKb1Gp_Lf3iES8poru7XRDp7sHRO0uTmCIbREgbYv84zhLwXqQTj0f8A3bY8WdiKggS9vpbsdEtv26Uz12W5RcY=s0&quot;},{&quot;x&quot;:3,&quot;y&quot;:3,&quot;url&quot;:&quot;http://lh6.ggpht.com/3XeE8HNwH5KfKqQUhVYCOB0WlEb6LDV-UYtvsAZHatkXq8u2VQvprM_Gw4aYfR1i9xASQ1eMUzkwCXg3Yvj-zylOjg=s0&quot;},{&quot;x&quot;:4,&quot;y&quot;:3,&quot;url&quot;:&quot;http://lh5.ggpht.com/h05ehe_NvonSuPRsJ_NcdFIRgy7UZYaUi-IwFLr0e5CZtL8BCK0GnRwSLfgugTkzijPNnqUJQDdP3Z5fcg3ehmjuGA=s0&quot;},{&quot;x&quot;:5,&quot;y&quot;:0,&quot;url&quot;:&quot;http://lh5.ggpht.com/RTGvUs7COSirvJlNoPjDkmw_W_uuy3I1iXh5vezOeZuoF7EMYqDdBxdKUT2T3gZD6ptsTrXWS6UfFlTiZNZ305H0HLc=s0&quot;},{&quot;x&quot;:1,&quot;y&quot;:1,&quot;url&quot;:&quot;http://lh6.ggpht.com/MSfhzDJK-W5AL3Y8Y3e-dafCzaeHC2wpzNXt6FqALqaDIuovnbSe8ZzlaMQa2ASh15qqEz8QeTHVC_7URbDnhAgF40g=s0&quot;},{&quot;x&quot;:4,&quot;y&quot;:2,&quot;url&quot;:&quot;http://lh6.ggpht.com/7GtSOc_D7J3marK7yNDopv0O117-sm4NV6lQmx17rJTm2PArb9D-uvDG6qhMHByLrS4kPVmAOVEEJSP_9m561FG6rj8=s0&quot;},{&quot;x&quot;:1,&quot;y&quot;:0,&quot;url&quot;:&quot;http://lh3.ggpht.com/trJmyd1hUO9kfEFXY2GJGZiDR61rRgLRwDgHnyPbERNnIa-Bhcbpz3JoR3cGmEC3-Ny-fNa0v_6gOyy3Z-hhrTT05g=s0&quot;},{&quot;x&quot;:4,&quot;y&quot;:0,&quot;url&quot;:&quot;http://lh5.ggpht.com/lGEtj9Ti4J-utiku4lylfdObgIL1thP0g2wlzB2B3Fy1hF_oq37FhfpBQJk1EZQH5-pn_q3mfo8nVwaR9Gat0tIqFA=s0&quot;},{&quot;x&quot;:7,&quot;y&quot;:4,&quot;url&quot;:&quot;http://lh5.ggpht.com/atd3R7XF5EzRoUtyTTUlLbEr4hZ_SXj8OHRNC9H1NH606amQwlyft5z1Qp9VjC6ig2u10dMyo0xCzYvdzWasytrawv86=s0&quot;},{&quot;x&quot;:2,&quot;y&quot;:1,&quot;url&quot;:&quot;http://lh6.ggpht.com/HU0-f6vWqSXAqB3UxHywB93FLrEEuxfwlzabHJgOTUQ139bkmm1eGb_e1qblacJNvtb1hAPwrW6bO2nS4blqSFisr6W8=s0&quot;},{&quot;x&quot;:7,&quot;y&quot;:0,&quot;url&quot;:&quot;http://lh6.ggpht.com/kGnbM5xtM7ZwFhCRncAAbNo5gAjaHD9HbHWBAS93JUpLcmSSSV6JgmCB73DwzWX29U7x2PsblsAuQm0e90O0n2VD-4AA=s0&quot;},{&quot;x&quot;:0,&quot;y&quot;:1,&quot;url&quot;:&quot;http://lh5.ggpht.com/Jhm_0s4xR4oWZd9m7RgHZ3CXhl3UKSgRjFUEcyRBt5sSjiBCjsaBFUqCkmos2zzv-bK8HYQUD10yRoNwQXuV8C4PFg=s0&quot;},{&quot;x&quot;:5,&quot;y&quot;:2,&quot;url&quot;:&quot;http://lh6.ggpht.com/oULXKR_7CrWBxxtVnsH_LD4n1zJdJaAK5uzJ5aRNw36eSHJAO7Mqw7k4Uj4XClVjtn2lW-oznEJD-KcpI5WfpUqeD6c=s0&quot;},{&quot;x&quot;:2,&quot;y&quot;:0,&quot;url&quot;:&quot;http://lh4.ggpht.com/Zv3O6xHl2aOqiTtXAwl7VB2pQ9f7MF1XshRJ8NYDkWFhwal32R5Y0wwOLKGwbeFNtppofLl3PpsolH4cb026NS3X6Oc=s0&quot;},{&quot;x&quot;:2,&quot;y&quot;:5,&quot;url&quot;:&quot;http://lh3.ggpht.com/e4CyDquCmVnxeT-vBA_fRjDpbogIcMFlS3uuKSIbfWMPaV5NBW0UNCEgYMwXmHD1C4n9m6V1oy1JjpwDyDnuK8VzGQ=s0&quot;},{&quot;x&quot;:6,&quot;y&quot;:5,&quot;url&quot;:&quot;http://lh6.ggpht.com/4qLZCwoUmi8bhKKmm-yVfbgxYOhfY-MX307cEJR5FVKvO1kj6yquJHam6NJBVTyWlMN70Qfs7om_7_usPsmIh6mak3Q=s0&quot;},{&quot;x&quot;:5,&quot;y&quot;:1,&quot;url&quot;:&quot;http://lh6.ggpht.com/8R3QyB8qCrZAdOMGLsmhfU7eEEmH8xyuUpyl3iuC3qz2aHovX6wWKiNjagfBNE_VO4e882JDuqiapKxkPYAd_eHKkg=s0&quot;},{&quot;x&quot;:2,&quot;y&quot;:2,&quot;url&quot;:&quot;http://lh3.ggpht.com/tnhoiZ6Eo_F0PqZiAC4K605I0yxGMPA6rN5bqgaI0cdPykUvs6tGnAtJ8G-pwlaycWdFHmfae8ByAkzGPcCrEt0DLw=s0&quot;},{&quot;x&quot;:5,&quot;y&quot;:3,&quot;url&quot;:&quot;http://lh5.ggpht.com/kTCgVXnSycH0_EbhV6Soc6l1BBhG4K1W72Z_MtP8lOmuyHs6HZdIHsZRViXAvE0ZJmh6sfvOHs7RA6jhTy5AVz6_nuU=s0&quot;},{&quot;x&quot;:2,&quot;y&quot;:3,&quot;url&quot;:&quot;http://lh4.ggpht.com/fT5FkAZ0wEXLeFUMBYTi_cl334SOyafMNRwijGM5Xcl2gwigRrYq1Enl3RJ_LqHRef2b66rKPqN_sEt4gRotwBEdR4M=s0&quot;},{&quot;x&quot;:0,&quot;y&quot;:4,&quot;url&quot;:&quot;http://lh3.ggpht.com/c_Vxwu-VUGPFWjapFxeIncu4CzKg8r05AJUSevsr00y-Jxfcxx1XDSY8GvO8J6fEU_Q9nhiirIGelP1MoEYbRfVzWaK7=s0&quot;},{&quot;x&quot;:0,&quot;y&quot;:3,&quot;url&quot;:&quot;http://lh4.ggpht.com/mF41yuVkFII7XqW9WLRzWE1jnSBdfCVZYf-U_Nxaw6HplE1wbJiNxF4vBJubX6WPbhNhCM8a5wfD5JYRG9XHbR_s9oB6=s0&quot;},{&quot;x&quot;:7,&quot;y&quot;:5,&quot;url&quot;:&quot;http://lh5.ggpht.com/vP4AueU2EA8-zE4ZRWuFVuzl6uK0DaBabh9WMhGMAzupwx9Uso8rOHtrgijHQBGdjPSMqZBsY4a2jHsn7OiXrDZfEvA=s0&quot;},{&quot;x&quot;:1,&quot;y&quot;:2,&quot;url&quot;:&quot;http://lh3.ggpht.com/B2KjExtfSCDFnxefjcduYvji0JJK7CiSj6vt_oObpvqMKjZvUqkGvUZ8TmpEIGDbFUr0xtJ7w-1p3ueiOcL1vVKZjw=s0&quot;},{&quot;x&quot;:1,&quot;y&quot;:3,&quot;url&quot;:&quot;http://lh4.ggpht.com/ehFJp55Jprd7wIRpF_BZ-1ARvFcnQdqrOci7y3Zyr9ZiNch3szIyoIhyKvGwg1-n3-J1NVv19eYXs4iCRUCkPq1vwhk=s0&quot;},{&quot;x&quot;:5,&quot;y&quot;:4,&quot;url&quot;:&quot;http://lh3.ggpht.com/-_3mvnToIVQtjx8EDQNZvuOJiSMTOpCzY3gj4ARlYKn1rLZXhH7V4P7Ux9v6oS8rt1Gu5cz6N_NQV-khBd1nU9K0QpPI=s0&quot;},{&quot;x&quot;:3,&quot;y&quot;:0,&quot;url&quot;:&quot;http://lh3.ggpht.com/r0RPq4ABZZ09w_P6WZUI4Xasj0BChS-NXujFGsb-ORHjYUGBd56TAAffKu82zerJIIcukijC22Urw-NEfQjPtJGc1g=s0&quot;},{&quot;x&quot;:0,&quot;y&quot;:5,&quot;url&quot;:&quot;http://lh3.ggpht.com/tMhZJwpbp8x3JNF8N3Z6lqyOtsA-WCFMMB_RA1TQVOJylgjExe4JKSqIjp6P5P_WRCSKXfgNTLaQlvI34_z4yGTIMGxH=s0&quot;},{&quot;x&quot;:1,&quot;y&quot;:4,&quot;url&quot;:&quot;http://lh3.ggpht.com/40IOy6ujpLZc_olaOd7tvizw09pwzM2T8If6t4lisddoOz4U8KBEmw5kl45qvSlazHi13zeSr4wzgjfhj3Wd04Q7uzVH=s0&quot;},{&quot;x&quot;:3,&quot;y&quot;:4,&quot;url&quot;:&quot;http://lh6.ggpht.com/p20xzkgqe42Jm3DeM2F_iWl58aHS0oEIeYHbH3YpT1MRe93n8SAmCVuiiU_Oqr3hcTR2xZKAA26vnopz2au1zKls8Mc=s0&quot;},{&quot;x&quot;:4,&quot;y&quot;:5,&quot;url&quot;:&quot;http://lh5.ggpht.com/Y7SD8YYi5lG--JQXeDHXe8rbVQ5d4KkBBCQYz77rDEi4Nna1BFg5uMlRzwReaa4IxJzcidP1RU6JH66GSv6OycHApQ=s0&quot;},{&quot;x&quot;:4,&quot;y&quot;:4,&quot;url&quot;:&quot;http://lh3.ggpht.com/qfJ7AbHi1s4m4_-rE5-5nEFoqBXcaW-yfdmGuaIa0qrDvsj0cAAZSAbMAwkDkzOv5XHlab-9Jk3ua7QJS2XATxyxLPE=s0&quot;},{&quot;x&quot;:6,&quot;y&quot;:3,&quot;url&quot;:&quot;http://lh6.ggpht.com/0F3xUcep2XbbZnzb2moU4lpp0Wht4eHHNw5vBk8-XZAKswj7u6yeC5HAtrAZl2YBKdLaz3pG1nhdN8r7jKlhR2C0SEc=s0&quot;},{&quot;x&quot;:6,&quot;y&quot;:0,&quot;url&quot;:&quot;http://lh6.ggpht.com/Pge75Sv22dIIV2S8mIcN0mCDnKvZUdSuNynPPeFuOE_DffR7QMcUZTeKCelZ346WhWw2kLI7N56bOUgRWQQzUHhTsBVe=s0&quot;},{&quot;x&quot;:0,&quot;y&quot;:2,&quot;url&quot;:&quot;http://lh5.ggpht.com/kIXv64gqTaVIphlTG4bv9HmFdawvJfbnCRb8guiiSBNX_aFPerQs0IvKubR7MnL4-v6z_r4_1mdulS_ixESvritiBaap=s0&quot;},{&quot;x&quot;:3,&quot;y&quot;:1,&quot;url&quot;:&quot;http://lh5.ggpht.com/8oMgS4Eo_GC3oBTis21m85fW99pm72L6QIa-NnI-YYiLQTomFxAdlPmceI4mrePeLPX0y2qoF13qXnaRnQ4nzAdcUg=s0&quot;},{&quot;x&quot;:1,&quot;y&quot;:5,&quot;url&quot;:&quot;http://lh4.ggpht.com/AeprXr1iN_NFf0ExQBao8qpWh699EbHnk7ymAOiCJ3PW5c7pCfvqbX6tsVmhSBpK2Q-hmTbGwwtSiHs2vAVF8jWBx5Hb=s0&quot;},{&quot;x&quot;:7,&quot;y&quot;:2,&quot;url&quot;:&quot;http://lh4.ggpht.com/BYNGXmZ27HoStkBRPnOtAvjBwj4m85bI_M_5pPkg9jQ2oYOmebKhg6HPRv-eO8lP9Xu06fOghI334SrfuZnbRcZMpw=s0&quot;},{&quot;x&quot;:6,&quot;y&quot;:2,&quot;url&quot;:&quot;http://lh3.ggpht.com/tfO441gj0rtznAEsziaPyh-Ncj6UUza7X2CoTIWeOtGq2oWvpCEf85Hk2KFofzSQL0OULmFIsA_G0dO15Jv9aSIDEskV=s0&quot;}]},{&quot;name&quot;:&quot;z5&quot;,&quot;width&quot;:255,&quot;height&quot;:191,&quot;tiles&quot;:[{&quot;x&quot;:0,&quot;y&quot;:0,&quot;url&quot;:&quot;http://lh5.ggpht.com/hXgjA5K6M3KKJch0hZlZYi73IsbElXkPyo89rO4B6nArglrP2ec41Vl4EHfOkiDhK9YLK54EuoUkDLEg5SOjMEnKZA=s0&quot;}]}]}
" type="java.lang.IllegalStateException">
      <![CDATA[java.lang.IllegalStateException: Expected response body to be verified as JSON, HTML or XML but no content-type was defined in the response.
Try registering a default parser using:
   RestAssured.defaultParser(<parser type>);
Content was:
{"levels":[{"name":"z2","width":2044,"height":1533,"tiles":[{"x":2,"y":2,"url":"http://lh4.ggpht.com/l8InkdKbmjvdrzBciFbCfNwfBKYtFl4Kb4JYknQ-TU2xxNsQh7-kb9ghWC978a7s7YjdbnFBAV-0EzK-jJlqGyPe1wA=s0"},{"x":1,"y":2,"url":"http://lh5.ggpht.com/TrfiiJPwjRjdwUnM6jMyZVfwKmIszvwxovqkk1CBmZALdTYpVPpmkWmHr3-ZGvFjB5YZl1I8clwm4dpmh8bnhLiQdRjc=s0"},{"x":2,"y":1,"url":"http://lh5.ggpht.com/_FqmVasLHOYYtv0Tes4fSGF0J2tEmi_-83unY-YhuBEkOWobVDytGjbspdQsHYibq2shrAKdygZUw3FcU6UUVrnWDA=s0"},{"x":0,"y":0,"url":"http://lh5.ggpht.com/MgZdREwxwXOIGUvJGmrrPcWgteMYMNx349uM0WxwgU2O0yd5HjCwjGXXrhRZuAyhsK6Q9FMvUsFNETYmTq3A1OwNN1Y=s0"},{"x":3,"y":2,"url":"http://lh5.ggpht.com/wOWkUoM6_XFhrWSZSzG5eVhSoLxyc8pqC9hJoziuc1otVfD-jSoSV3_hV9qGXGou8P1j8E9OAQZy8k4qVuChA1Vr_dA=s0"},{"x":1,"y":0,"url":"http://lh6.ggpht.com/NAGGxq0z9Fg22RkRjWsUqbwlSdzgIXmtXMFYjSM60_qHqnEtZZLROBUzriAi0Ig3KsoaElc0p4ZqftmSIde24QFLWylJ=s0"},{"x":3,"y":1,"url":"http://lh5.ggpht.com/P2ErN2wCDjyELBaxqAHUywdsFzu_Vlv3xNhomjhVTclMQ4LOFMIOZhKNMSqPUUVqbRdkpqEnxDDo8gggtCVGwYcy95M=s0"},{"x":0,"y":2,"url":"http://lh4.ggpht.com/Tg0Z4AWHxqRbYtnTsky-8Cu_TAyc0lQPFYBmxFEPH3hqudD3Jl-yXMCAaSdwFoBF6M4YAyMfxi9g145tbaArYu8WGPs=s0"},{"x":3,"y":0,"url":"http://lh6.ggpht.com/aPo2L7daoXozJ57D2-GYJLeYx83MGBnaLlG9A6NFLMuBsceRY1In02b2ilOEVsiaHr2S8K-MrpDlRfdl908h4G1_cZA=s0"},{"x":2,"y":0,"url":"http://lh6.ggpht.com/r4kbAI6UtFbOzr_0SMmwrVSIc5yVFwmJ0sljlBCFQEdcDTLzxzOIDtlO40gqZdID2lwCo05kp1PX1jnYXQ2K5aqj-kH9=s0"},{"x":0,"y":1,"url":"http://lh6.ggpht.com/jnhRh-_pPQMovejnevL9ZykUEuDqNynqbztg-_iSsGo9bNN82pI2dfJ3M_fwuy65G-Fov659dezF4yeiHl2nAIWotw=s0"},{"x":1,"y":1,"url":"http://lh5.ggpht.com/sEDMWa0ttJOrluPiWaPn6qSnCUwwvNUGYvwKNuHwxCNv8HY_C9_0PzUiipDZnzVsAkLptxPUMgmn-6lFamfs4kDlHw=s0"}]},{"name":"z3","width":1022,"height":766,"tiles":[{"x":1,"y":1,"url":"http://lh4.ggpht.com/i0JzeIzjnp-OQ6x_oiIgNBbJb7XtNsb1r1ZqO_oHxgQakak3w8XheDWZ1kbzf_atjcc7LrlH1YCyzIWP2xOOsUv3XrUy=s0"},{"x":0,"y":0,"url":"http://lh3.ggpht.com/N_OAABg3zPZUCWDzMtxofVYrwbG39RjyRHNssPNIKkTPyt8L5s50Ac4i82rJKDyiXNXBUOOYxw830PIberoNzojaT1Q=s0"},{"x":0,"y":1,"url":"http://lh6.ggpht.com/2Pst7T5QULC__uTz2RMYXq5pyKxWfwgPVhfUMbdUuCzMMaW_Qe702APN38oIJRpLKssfn-BuKnU2ZeHvMBrMT_Ybxjs=s0"},{"x":1,"y":0,"url":"http://lh6.ggpht.com/flL6atUQ92oNwzd2qv3ZPEaqd_c-OaD-XvR07ihFjTyNV4H__etiLY9a5TviF4VyAvW3Xinj54unQiIyqt_8kerwsnYL=s0"}]},{"name":"z0","width":8176,"height":6132,"tiles":[{"x":7,"y":8,"url":"http://lh4.ggpht.com/Tw3MsFvCGkcBKKm-xmhd3wUCwPGAqLWYI--nKEdGWrK_D_mel3PFe4M0pjPmYDI8xFg7XGPLM__-c867s3APtX8sgA=s0"},{"x":3,"y":8,"url":"http://lh3.ggpht.com/3ukMOrtT62r-kwvDKk3q98A7fmxB9vpU-oKWr7RtHu_zbnNY8M_tDS_LX7hzYY9mE5Ful1Uk8M6q9-JotUHPKdRfnTI=s0"},{"x":6,"y":8,"url":"http://lh4.ggpht.com/187Q_W453gGagqZt4MVFuCcm-F19vEwwe8-gsct-KtdEefZeFyi18eJ2ZEwu2wLq497n2VGq5saR6NWQI7Va7GdBgns=s0"},{"x":9,"y":2,"url":"http://lh4.ggpht.com/vsoFSoyiyiMuZ3wXCjp3dIDdf6uH1SPJqKR8lbL_8e_lOkIVwmw6jkR63098efB65T9bpwWsBT4EgNPGWVmBUD4wQlk=s0"},{"x":3,"y":5,"url":"http://lh5.ggpht.com/C7cEWKMPSX0BIsJ9F1uQT_Xmq5QCbKXixDCiXw4oQ2IrO6xF6HRjQeP9S-75pCGudOP9ag8enjpmUHSVk5FCK4I9kZw=s0"},{"x":3,"y":10,"url":"http://lh3.ggpht.com/OC2JCt10nN6aMrKILnAyBpVJsOYYcBKgdns4UdEPzvcJ6rIuKW3XMKMcWwpHpOzTC0zH68HtOgSzzGyAACRghz0Q8Ac=s0"},{"x":7,"y":2,"url":"http://lh5.ggpht.com/hM7coWNK2EAJFidQY_1wNuGX1GU0DWha9pHd3wwOec1zPcFChVT6gL-NdX7a1uFuRiOC1iwfVt-NTxg1oOVfdLPmwRXS=s0"},{"x":5,"y":9,"url":"http://lh3.ggpht.com/shfzM5fopuUxn2Ipj5EMhYFpKUhQy3s3HukVSy1tFwdXM7FFZoWXLrTyduLWk5HEs6wGgOy-L07iDANrM7ePMm2hw-fl=s0"},{"x":7,"y":9,"url":"http://lh6.ggpht.com/VAXWp55Q7G-AJez3uh0Ae_bH8h6MdklISadUgdh2AuWXPvA2ZYgPq5ndMxn0fkbzMdqkAe3VH6UzIA9AqhGSIwimjHkS=s0"},{"x":2,"y":9,"url":"http://lh6.ggpht.com/j6KyFkSSbUzx-K9ONkA44LfB7-QTaooQQBWNPcHlXJnK8ZY1bLVmpkcYFXqicqpWF1ACY348A5dYfIvOGalVcTWpzFg=s0"},{"x":13,"y":8,"url":"http://lh3.ggpht.com/CfETVnjyTTQb3N-ZkiNpLmTTc0hhFii8ozHa7RLUl6if7esZpaR25aXegh0KvCaTjRjUd7fYTmYHPgKTYUOY7FlH6MQ=s0"},{"x":12,"y":4,"url":"http://lh5.ggpht.com/6Dl20dQkqomE35eASfB-S_dHmDxLfjMCTO7Cgh0LGiOHO-HLS1O6mV73jelNWaockqUJuc1wAMnjkXyJq3dBwOu4GE-k=s0"},{"x":0,"y":7,"url":"http://lh4.ggpht.com/J9R5oRQGqrAKCoywXk9dcFmEvNhuc0Uif4grGZ_SfqyLechO9n7SxjJFEpcREI2LxGsVDk2Yu7BOF4tseFVhWUKbmGU=s0"},{"x":4,"y":6,"url":"http://lh4.ggpht.com/ZYXlwpmx5nkt6991Trv8sEiHsK8V3cCSpsXhP795G2yLDKiAaH34_t7uySy0ER6CqCzoB_2i5UD6YRuH3G016-fjRoM=s0"},{"x":4,"y":7,"url":"http://lh3.ggpht.com/ue3auurYXMaDoPHYnfGVpUZpn_IQRbo8xZJ9EtMEiyVLNTTOw6wbuF7nx2-WckuVjeiNsXJoj1FzEbjGQFAWwAxYjXs=s0"},{"x":15,"y":11,"url":"http://lh4.ggpht.com/wBou_83z4_3_COH0UIIubCoJ5BLeijrpmMSXwWMvO6lc9jfZ_AhbWXLeHnwQuIxQf1aMFqpWp4d9RCweaM3pVTXCWtU=s0"},{"x":6,"y":11,"url":"http://lh5.ggpht.com/KpRBPKv0vuwNpdVHO2bIbDxf7n1QYENXLWdO3ou-TZ-3yXT7G4RG-jDy0nfokAWaMAyP7FmOLmBc23-OmTSAu5UQJvk=s0"},{"x":9,"y":11,"url":"http://lh4.ggpht.com/PGZbtJMqCckkh2iMeVp9pZvCraameQbUc92Qr48JZomZnD1jwEZlqqhfdV-wsbrG7DGqSj0qaYN-z-rqDIw9x7aX0WE=s0"},{"x":0,"y":8,"url":"http://lh5.ggpht.com/nMssuWqsaN0RRwHPt7aZ-4KLbpmyQQFLgKiJQ34CEMm5WgzzWaN53LPAJsaG6kqqAvGw0GxkQkw6TEfY_UQTF9gZuK0=s0"},{"x":4,"y":8,"url":"http://lh3.ggpht.com/d--dmtatQThmCpRDTJBWvywJlFH4W8Q6Ewcva1pDkP37en2VYxtkxfIHEmiLpFhRhvyN_IJ2y5aot-F3tX3ZvVv1P9Sp=s0"},{"x":11,"y":3,"url":"http://lh5.ggpht.com/4nrc1mIRhpNaRAlkzidrut-wg5PszRu8UvzI9HwWpGtTxLojTt9ou0p8_Wm2eG10mFvZkfZ3Y-RzN10P9wX57CbsHQ=s0"},{"x":2,"y":10,"url":"http://lh6.ggpht.com/o2aPvQMoXKpdG9yBjCrq4F34II9WrTY35Fhd6c45JZZS3Vha5-TT9w8b10hI4tI9sgy_SOq5Kk_7lFuimvzpq1WeHvA=s0"},{"x":3,"y":2,"url":"http://lh3.ggpht.com/b9p8uZh3yZ6FLZwhIWTXKkI-TlX1fuwKf-Tevk0nLGsrBJEayMtpFZuY7Wn4gbZL-1ibwgkmr1ZvbVG_bECeTCQn1I8=s0"},{"x":13,"y":1,"url":"http://lh5.ggpht.com/W4Rl663mRM3C6wRag0Awc1NamsnRjv_KQZ4outGYl2ANqFXor0VefFjGfPrhKThAX2NqiwK7M-irx2vmvE_0z9HkRk8=s0"},{"x":6,"y":2,"url":"http://lh4.ggpht.com/YJjI11EnLcRjedaqsc9EOcZ1lqvMnVmMfZsBf2gi0epFH4nCZ8wi97LcNH9GZLKSFaI4Dg56bBauXNnmfS77tQ98wy8g=s0"},{"x":1,"y":4,"url":"http://lh6.ggpht.com/y7JJekxpMEMWelbiNHbIXSER-aVmZ9-vYFL3c5AuSTFm-Y9KscHiQMZ8gFSkHqhmApx1uBRA3KDHmAbvXAg8cOwMjQ=s0"},{"x":12,"y":3,"url":"http://lh6.ggpht.com/41xmBjvzBaTK33nxxSErl16GPTOFzbUgIYaIdqCXL9WgYziQNo3Q913ugYfGfNXw4OOSMMngPjyYvMyufB1QTPnZRY3h=s0"},{"x":9,"y":4,"url":"http://lh5.ggpht.com/hLYiobeLkms875dzUGqFT_0oxd-MGcZZ1oB0g5q0j_EE1eHIkf8cZx4VVV0y8Aj-SHr2tc_pq7kpLBU-V89MYMjZwtw=s0"},{"x":5,"y":11,"url":"http://lh5.ggpht.com/JKCkj-SAhYJVih_-XDkXq-0KZ2OQbMaXSLQobfR-rpNl1NBcHlSaTT6EJ8AaskyhYIySJdvAg_c4p6pqwYjCFJRjFQ=s0"},{"x":2,"y":3,"url":"http://lh4.ggpht.com/aFNUeGdQ3oUHcHHcyYymMla9T9s-saZnYYuF6U7RlCFr6q4FXo3CVAYok5EIK5QZ178RmYwQ8annTIB3Ot_jfAOrN_Vz=s0"},{"x":5,"y":5,"url":"http://lh6.ggpht.com/yrN3JeUHqf2gmablkI6m9wDp4CZ4yfi7I2AzgKvQ7rZSSy6lX-2aPIaC9EGBK6F9oRjAC414J8tYHq9Cq-t7GGJCvA=s0"},{"x":14,"y":5,"url":"http://lh5.ggpht.com/9_KVrmQO-jV99sI7Xa9RV8MFpdxjumWVrl7iFueZ95fz9ORSihunEE6P3DajWwNNaoHk9lPCS_rFSZc3Qvd9d5Mnb3s=s0"},{"x":6,"y":5,"url":"http://lh4.ggpht.com/iywU8W8L1Bo8cTNTzzex4r9N_WYD-g-_tZXe-wxe7cHiBZMJLHMwgTXEoHm7INsUBHVahDloE74s4ofEnWr_a59-UUE=s0"},{"x":9,"y":5,"url":"http://lh6.ggpht.com/F0KpXjvWm5JN3sNeGOQ-1TqmjUfuShdt_LDcsoUHDdW5XhKbMnzEeF3RdS5ld5pnh4a98KS0_f3dgPzqSwk16LMwxQ=s0"},{"x":12,"y":10,"url":"http://lh6.ggpht.com/4BGi0QS9CPbwPmEtv3byIZDe36N8gEStCnq1hJeXxHgGQrnrvKcrXmWFiMTnEzt6z-Xdqv3OZGMzVi6GZHUg2zF-3HP5=s0"},{"x":10,"y":10,"url":"http://lh6.ggpht.com/j126xn6GvhviEnMbqjxtLfvRoNdJfoXWPVqz0eDvW5nigX7RYv24B6fzLSdQTu0LuW2H0CCFi6RJHqYOG4EaNL2gpWs=s0"},{"x":11,"y":10,"url":"http://lh4.ggpht.com/kFFOdLujxj4aj4Abop5MT2G04PZZGt0H67URT41FpzSqZ1Ip-2Lm-CCkWE74rYCwcYvKbCTSnvDQaubNYry3zM08OA=s0"},{"x":11,"y":1,"url":"http://lh4.ggpht.com/UGkvawDedmooM8tGKNj4JEDK2WnmfpYoOlNn8f52WOZUvuzi4zDuAdkTllnEhFu7c9Me4SVP7A2qze7V7MtiLKL5Tg=s0"},{"x":15,"y":1,"url":"http://lh6.ggpht.com/YRRh1utCt1y7S4E5tNXyI5oOGByPV_ur57hYOtKCRfsHi1bWlAtCVySkVaymZmVMh3NLBbYeITLot53XBczBSnceFw=s0"},{"x":10,"y":9,"url":"http://lh5.ggpht.com/IA1m--4y1mOUKCKpEQ-KGVNgETR8ueGixGtfoq-UrzwfOqFO39PwZzlPKoQj2yU1qgxFabmuWl_rzQLzyt1G8tV6Cw=s0"},{"x":15,"y":9,"url":"http://lh4.ggpht.com/WmzqDD5kul4ORxOu_07cJJlheh9oeGzbywlzyhC4x09PA8i6yfOf2PTGc-HFIi4A7xde4LeL2iidJwKXg6dXTp9SwA=s0"},{"x":6,"y":9,"url":"http://lh5.ggpht.com/dCysorropYXLqvXAGfzLAUAJvFUpi9YQkB_cBwzoFo2T__bFs31OaoPdJ32stH0iTd2f9n0LTb6qbJNX7EDcdbWN0g=s0"},{"x":15,"y":8,"url":"http://lh4.ggpht.com/P1itK17xddx6v13LX2F_D9T3ch2HPBDx4vGJS08byDOATJYCN3P8mL5JMBzaEb1qav0WQ6pn-D0O_O2GYQHHJMUQyxJU=s0"},{"x":10,"y":4,"url":"http://lh5.ggpht.com/543DeuPL61Vav-YZRWs5RvANbOMixXSvrpxJRzdj0XlBQd4H53d_mncgnyLrlSAUD8Mmu66dGs9CB2MX0fZublYkOJPT=s0"},{"x":0,"y":1,"url":"http://lh3.ggpht.com/MFrK6dAY_yVI3Rsu8dw3douX4L0y5xhDVRqqEhJz-w43_U9SIgBE2WMcxShWsYV5r28eAetus8c352DPqiuJM95Yol9q=s0"},{"x":3,"y":1,"url":"http://lh5.ggpht.com/TiAGsdB8OszBiAVE0px3nw9WM8YZL3QAOURRPEznRQ9brBPtTBwmkUfcg7clNANzJ65szNsEZLqgCFSNTnlcgHSym0VV=s0"},{"x":13,"y":2,"url":"http://lh6.ggpht.com/ahKvXr73H1J0sLmk1VYu0Jrlv8Smv_vfGvnL3F1ePYJs-sdAhcstAG0qPb_Cr-qTk7cJVxaJJuVSIO44a-6X0uLII1cC=s0"},{"x":8,"y":10,"url":"http://lh5.ggpht.com/5byaTvZTkWbxrPiGroPZ9prqfo9CThKWCyfqq2yyC3bErExkJ6DGe4Kc9IQjQ4_dOIRVd-Jk1spkydf2EUdEujLVI8Y=s0"},{"x":6,"y":1,"url":"http://lh6.ggpht.com/5-ZenH7xP5oITG14clkX30RcYsqFkqAuqCNQTfq9fZ4etBvbsnaWAcMsHLXjhYE35fO5PSddnuugc-pOnoaksLrW4g=s0"},{"x":1,"y":9,"url":"http://lh4.ggpht.com/h3XyUIfDRlOzAsRR9xlIbZRDm_Nw4VW0uqrLQrPObdKm_0NqSrvY5Q1ByvY0s1ATTurnzW8YnVeUyymO4j6IwcNhuzs=s0"},{"x":4,"y":4,"url":"http://lh3.ggpht.com/Hm5oZL1m-VQxyC68tLk8I8SO4NJ-Ts_IN0EQRMlvpcY6435tQ2Z3pc2xVmyX5y4IuWgllDURbzbUkSUOpCOILb4ZlXE=s0"},{"x":2,"y":4,"url":"http://lh3.ggpht.com/CrrQSe2YbtpvujzDgELfH5JtJxkDz5D14tA1kkFusNiLXM0YEh7UgWsLoLc8sNugFTZEqDRV7hhqiTfkiTnahLzsQt2P=s0"},{"x":6,"y":4,"url":"http://lh4.ggpht.com/7IdTCqXhKOY1HlzMKNpD70Et6949YVz4KDc65ieWp393-V595X3xmsJmaJlozxzcgHExNwUWHy6X0n2pyX28mMHfuQ=s0"},{"x":9,"y":6,"url":"http://lh3.ggpht.com/GZ10F0qn8gWyvNLvi3LSt_hEnA9dfhC8VffNMk-ZWmTcBIvJiGw5ZAhx64dQ4fwdJqSRe40y6KeXv-OfSyy3z6sd54JP=s0"},{"x":8,"y":8,"url":"http://lh6.ggpht.com/HyRQMzs0cyQr_r0AuTzItJ_bfbu31gkrlHQ5HmbLmwa4rBGZjYRyQmjOldaxs4DIUp8C-xyFzUNCw71ha6HPBm2jsGY=s0"},{"x":4,"y":3,"url":"http://lh5.ggpht.com/8yi_7Oi1BVuEhQvUr6_Ay-VexwoHb_uZQdBNgxsiZYTdFIjT784kp882zAk6VeOD1Gpag54wWxDVJb0vFo4Ev_eTj6wu=s0"},{"x":15,"y":5,"url":"http://lh5.ggpht.com/RayMBDJQFr2OYbpefor6ne8CtymFUQWWx-0Hdllmo78_Rgzn7wFTMrj0Y8pHSTQs77VWwq2E59bp7TvJzuNH-NOYaw=s0"},{"x":0,"y":6,"url":"http://lh5.ggpht.com/tqZNGnoUAZEwRK4l-OHAH-rZp_d2W9M-ZEGFIFjSYi9nANI7vGlLdpr-nWk7YpqukKPa6mJx4Zh6whqTWTyW_XMOUf0=s0"},{"x":4,"y":10,"url":"http://lh3.ggpht.com/G6XXrKgowT4JI--QplLGyD1P62bdQe0q3wX5VVFxyUJW6qcc_npihzA5DSWzlks9JLVHNw8DDAsOPSTxFIe4MIw-zoo=s0"},{"x":9,"y":9,"url":"http://lh3.ggpht.com/ozc-XNXmCviW45pmpROMmsshKxolpl_Pa1edQpzgXpFX0dipBXpu52I8Q9CA4fLUbqX8fzGG06TecC3Pvl02GuDmLNE=s0"},{"x":7,"y":4,"url":"http://lh4.ggpht.com/ce9Si6eSxtNAWC4YUcdTQiB68KBQL_iV4bKtNqYKFCWXqMoXmpB57gPAUK7-FRf25BsJf8W9aSgTW-rsVPE4flKFpv8b=s0"},{"x":14,"y":3,"url":"http://lh3.ggpht.com/r5x_sjUOZsk6uPq9rjjBzkybS8VaBLMWRAjUbKC7JFLQSEqNaR3BaN1TtUCwVeAveII8WdkQUdxivuIoaDKO2nJkhpqx=s0"},{"x":12,"y":11,"url":"http://lh3.ggpht.com/UbkYLuMFj5dgbYA7YVxtyyOXH0LroCB6Q0pEoE1Zx11N-UP6PLbfX8mV4NtCw3AjugSpqS-weqTxZ7gtzRbfXXoTc84=s0"},{"x":13,"y":11,"url":"http://lh6.ggpht.com/cZ4_SfVvQfPvSgnk4UYlsEhvsxerpaA6PEtms1sPmyDNtP2GWg6u9K13bTJbNckdJw7hr56gEePMJKAYEuzYZVxN8A4=s0"},{"x":10,"y":0,"url":"http://lh4.ggpht.com/ruAfHcESBICIHhWn0_XUeUBek4NLlkquUSiyYI5MHccsidYaUObcqK8hMO0pdaE5cdJXz9_if2QZJEE96OAIPRgzHg=s0"},{"x":12,"y":0,"url":"http://lh3.ggpht.com/ShrAXXuwDfyGE-DuL2P7l4oAJUOQHsP5Ung0FaLqUhgEnKJ38oc54ChpXKoEzWCULdHAlQGCw2_7bBweZnxEZH37oUU=s0"},{"x":11,"y":0,"url":"http://lh5.ggpht.com/dZgLUk8Kd2uHACs8BoIBJmjGRG2TnWWBFCU5tGxjFyFB0iJU5iVacCrTtFkOpAVK_mE3gOVCGTUpXEPiXDXAJxe5Rl9b=s0"},{"x":13,"y":7,"url":"http://lh3.ggpht.com/GsRm7TjWEWNXxm-6BQ_I4_cPfNhtoLO15KSySwtUtQlADhq-QYBVcIQTju5-7XvFZN0m40DXo6CiCv6WZKT8X-KwrPI=s0"},{"x":7,"y":3,"url":"http://lh4.ggpht.com/3YYT1Mmw_iGt8otmWW1nl01yY-B4o7ZIm_1nnio6DYes0cWb24WSbY_hGkrH_Zd7RiVifC7vZ_feEbdsnFZXU0Oi7Js=s0"},{"x":14,"y":2,"url":"http://lh4.ggpht.com/Q6C-I7Ji5Nu75jBNhMCoJN8EVWkpbl5nBuKJJwoG5WTC0ZXlzFO2UJihDHR7x47hRS2OrOlPVHXboWV7Y_fV51T6ZQ=s0"},{"x":5,"y":10,"url":"http://lh4.ggpht.com/Xt8KJPbcIDNZaTf2_d1iOOnRkbtuin0oq7l5uu-nyTUCcB6YTsBKXHR31y-YGzocCRPbidZ5BC_NXj8F1V3bVokMEw=s0"},{"x":0,"y":10,"url":"http://lh4.ggpht.com/l0cvVR92D-sbnoGm8Fue4SVM5g5IDCDNjaSMS_BkpXGbYiCJ6wDGL_T2kYzKvmLZp-jSBJZATokyLpCRlkuTExuNqsw=s0"},{"x":14,"y":1,"url":"http://lh6.ggpht.com/MXulWCM7MGXWJyo4G26e2LLmKvYM8TNc0dx3eZ8Jz6eNFsSyJoGrsk2aUGjogh1m0K_imGB0UwBw3YR3pO8rNfzbKPk=s0"},{"x":7,"y":7,"url":"http://lh4.ggpht.com/65qFIjBVHaDNQvHUCOJLdklsOLN1gbAywnPlzua7qan5HrYX7kGSBqYuISB4sGnbU0UU7rYFZcSZW8KksmL3WaaACA=s0"},{"x":14,"y":11,"url":"http://lh6.ggpht.com/L5B55Z_imcVh00NJ41ji94rydcxmFGoENE9ucrKrOVdMK0P1NOxe2M4E07TKlUx--f7FZpT4PqTRzKS6JiQkrARB8Bx_=s0"},{"x":2,"y":0,"url":"http://lh5.ggpht.com/y7-9_WwfccyGR4ut_SAISDIwQsZe7VbGxTfyLxzsx5rXp2FlDKU1-hmNWwWvOi7fk76uufrz2wKwdouIHgyAjW4IivQ=s0"},{"x":9,"y":0,"url":"http://lh3.ggpht.com/VUMt4-rXfVJ7t5IRgUZklIyp37DCczIK3He7Oc2tbS7sCy5KwakncZQ9xOciw_DjCbYxzgZNN2H4oP8GtyNDlzt4bw=s0"},{"x":8,"y":7,"url":"http://lh6.ggpht.com/js9gN6qQsabArSESp-I0uZeE3QrsHVdYHJvMqf0daZVxtXZQcctFx-lNkJIQGH6aDKlw1Z8nVRRvqWznw9CSYOML_DE=s0"},{"x":5,"y":3,"url":"http://lh5.ggpht.com/cNvU_eRK6714AfsNkKHF2qJuEVkj4ZxwyANd4xgnPY4QySmnkLyr3d-X_ACBdZm8fQys3eqGP8HFjMnlOupNfnnw5Vh8=s0"},{"x":10,"y":2,"url":"http://lh6.ggpht.com/q3vo5DaZaGkbDp9pRZw9fS_uZAMZ4fftq-VusmfJrZbzkwDgXLB8qw-M7JZrZXUqGoiuEx5p3Mgd2MN7Z7bKT2nVhPs=s0"},{"x":6,"y":3,"url":"http://lh5.ggpht.com/0X1FkPIJRo8eLQ13GF7K1BD5x51BqNJdE7yu5Z--zGXf2vOUlfJLw3yNFPuqvz6Q0gSwM6UdX0FoHS-jDembdg6gbjJU=s0"},{"x":8,"y":5,"url":"http://lh5.ggpht.com/FAQ6aen0IN4XKyzxjSHSZr6MuXih0iKPez2tjZeytGK0INMufzj-lb8i32dI1zMeiE4ie6LcbZXOlJ5k1rx69D_CFQ=s0"},{"x":11,"y":5,"url":"http://lh4.ggpht.com/6u9UJsr9wEKZYkujjgF-pPaBZOiPS2dm4mULqZ9NFpGL9AfzH1AcmS_LXtPiaIKTCWrZvPVUeV9T3PnubtNeSTWjag=s0"},{"x":13,"y":10,"url":"http://lh5.ggpht.com/izEBw-VQrPhNGGcpGuENpejx8zw-L1BI7GhXB8hnRbMK-jne-3VoWEzPaJHBccpq9lwaa3c0MQiU5NkZ3Sp4FdoPNwmb=s0"},{"x":8,"y":1,"url":"http://lh3.ggpht.com/Cws0Je9mGiGrkuMHOCL9i8gJNU7wX8c_BPisg2NV0s230VgynlIku8hH-ztWPukgmPtOORB_pNAN5SKeyrYGd5o1Z8w=s0"},{"x":8,"y":9,"url":"http://lh6.ggpht.com/wJz19gtdJCWdyPLRF0tX_J_QD2paFkhXPuVh6OqgGuoW5G1fJ7FbZKDyrome03iO5bCOU6e7HcFTxeMch6pftKgHRg=s0"},{"x":14,"y":4,"url":"http://lh3.ggpht.com/QiMoVMkv2YWVldxXk-VfSXZB-36y4x2Sl0xZWSJhuW__ljhRhSe49HXilxhyCwqeMG9AcZV02FU3rDXS4Ptoxjxn2A=s0"},{"x":5,"y":4,"url":"http://lh5.ggpht.com/PicZo4WigUX8BrDADvkVY_RsxLtGVue19riVB8e-lTUltjcLfvraPp0PyVh3gXAn_YGmNv3pfs6fMgzBrhzxgomlUA=s0"},{"x":12,"y":6,"url":"http://lh3.ggpht.com/qu351VYf5H0BifF1b11NO5mSih31mlN1F7SYFU1ijTSdZ6dpFYv5TtpDfb04N2G6To5UfLgoBKqMsb_YC_8eOq1igiQ=s0"},{"x":15,"y":6,"url":"http://lh5.ggpht.com/KhvzN-VBEGEwxQn7aqJjproogaUSqXh3zI_hiZFqxvllC5DdS5xVupgx1kydHzjTbjUZJDs_NZPrHWb5WP9hsw9UY0re=s0"},{"x":13,"y":6,"url":"http://lh4.ggpht.com/1Xj4ybHVmrWje61fV3xaBDwDlJVR-6rG3JIceouh_-EfnqiHn1BJNJa9buAfZm_UZuGeGMOqjZpqbEdrPzIDq6Jyw4A=s0"},{"x":10,"y":11,"url":"http://lh4.ggpht.com/QXIh8uxqTlru1LvtKiKNK3l4GeHcoFo7qmgi_JRTDaPnN94Roe5Hrt4BS9ztCqHaIglp8T0V5HKhvWMWUynZhMrTWsk=s0"},{"x":6,"y":0,"url":"http://lh5.ggpht.com/iCFbnH5HwYvAOlapogdwxZzVcQjvm3stvYiHszTJRQHjB1r1K9fPsN4PK-xqUjHztvq4ilySyzob2E43-BAGRLPP5A=s0"},{"x":12,"y":7,"url":"http://lh6.ggpht.com/oMxkNuyckmTuW7nw2zAtQEIn7VFd0J5BPnr1Nzi2SVqOGBiiM8zKa-ZqEgIehCPxpLCFjhznDZW26j6AF9BeFIWm3-U=s0"},{"x":1,"y":3,"url":"http://lh3.ggpht.com/GgNZfeBDTIUke-PriAM57csFeFcDPe44oFiIZoI9-X4p6rsE4KMhlRjvWq6nRSv6-JMry_NvlhL007yY348TjYrrh00=s0"},{"x":11,"y":2,"url":"http://lh6.ggpht.com/5m0DsGm-bfMjI3NIlkHHSlKM940_8YGUpBJRK6sY6dlqMXsxnouHUP6-Vu2rSBXIOvubIbrV1kkYwOxyt9DcL3Q5Ow=s0"},{"x":2,"y":11,"url":"http://lh5.ggpht.com/DbEhKkuLtR88nLlYZ_m3U2MuvPt63Xk0PVzBrNi4do7LtMvm7NKyxs9wPu6Ks-LXauqHKtcYHeoFqyJblAy6kRz9P60=s0"},{"x":15,"y":10,"url":"http://lh4.ggpht.com/K15dK0EEwT_EiWHjC2sxUfCRBlYGCREkkBOi5BaYEDkBz1lsMW8D1n2CWqtTIoqIsSUN5JBAms8-zCvNBmSaNTpFCtc=s0"},{"x":1,"y":10,"url":"http://lh4.ggpht.com/ZEyfn9ZsFYJqIs4P9pDmGXRyBjWWl4UntYqiKYYEcXOojty0uge4ulBSL_r7BgnxBbIlrw7a4KN3Xm02TF5Ssxu5KiA=s0"},{"x":12,"y":1,"url":"http://lh4.ggpht.com/IROG-DPJvH3dFTQoAoGV8-OTBnoJrS94xJ7KQUf48UmrOIW6QUkoG1nTqU-rEtbBfUcquqbhbKW__aBeY_SrwdQoYg=s0"},{"x":4,"y":9,"url":"http://lh6.ggpht.com/PQnbdUbDMOlMyjapVvunZwi1YvGgOp5HXGYM3URCcEAEyK67esD70sDKCTXAv2mxkEl1vtso256SiqxjT0sKsqX75Q=s0"},{"x":8,"y":4,"url":"http://lh6.ggpht.com/vpfsn75FXv43y2ydATZPuNFOgg3JdPZkYaL6jCPQb12AXMwaiOdWzHpZEuViMugDXKw750Iu8LNddu8_ozOzr4dVYul_=s0"},{"x":13,"y":4,"url":"http://lh5.ggpht.com/ggyeO7BkCQ4yhmaNWNyGwCKGWja_wkujU-QbaQr1jt9_XWh5pvBB7hk6FAbhuKANwrvwB8IOF7--JtgXyIff59S1AQQ=s0"},{"x":3,"y":4,"url":"http://lh4.ggpht.com/1-dZy0Chba3EJ4r446vB7O8Ou2EObOgMP23RxMa_HzED-UyvJU7NFaFmQO6ItK1krkS1vPbzhNvRYQRu7kSZVfZDog=s0"},{"x":13,"y":3,"url":"http://lh3.ggpht.com/L5xw9-Hql1q3_wEvoFZdVmhBfu5iApr7uVa4prc1NZSL54vlM9dGQnBKWlxohDKu7UWng_Od111qyu5EHviCrJdKtQ=s0"},{"x":7,"y":6,"url":"http://lh4.ggpht.com/xNzXvR-lvkjKDKLNcI5wn78cFJOkIMMrv5VvycnoR0B22EUHelf4EtSpkloRJIrL5gXvFOzm-4LXNRb4sCHfCE9C7Lk=s0"},{"x":10,"y":6,"url":"http://lh6.ggpht.com/N92XJwrWPmAUfydgJ0I1Jsxo4GQM6-OZNIhWm6Uui-F31K3GXWnsZmpyHnfelanCYhmSo_xDOnlrkOjxzx2crmcGvk0=s0"},{"x":4,"y":11,"url":"http://lh5.ggpht.com/28zdntKjjzSLKLqNI_9rUdYpDYGl3_WGWPYUZpVBt6atrSrnZ9Qi5GOPpiyuKORqkiVj787L4fy53ePv8Wg9SzUPn_o=s0"},{"x":0,"y":0,"url":"http://lh5.ggpht.com/0dfTE42O-MF21-xUlj3CuIBkt5jfv2OZTJTl56lhIB0qbsSvXqAMqubvEJTtXZS-671A1q-6Wc9-ReQd8seak1GQeg=s0"},{"x":15,"y":0,"url":"http://lh6.ggpht.com/527JLibCL2iw6XmE-clHKE4Hj7lyeFWKLrMMaRjM1KTj4LvrT4UJGFtzgoBvUW4uo_oeOhPEWA1pKrQqWV7kMVKFmN8=s0"},{"x":11,"y":8,"url":"http://lh4.ggpht.com/Cb1RRtVcs9ze1iu28pTJuDQh34xOA4RQ-25a3xRw9de1ALfCX9WC5cjy8k4hROYVxU3N7oPPhFtQ1fJrCUjO3vKKrw=s0"},{"x":3,"y":0,"url":"http://lh3.ggpht.com/Zkpd7cjyZbI4Bio-Xmg3WnMbwhpLhMPwrhxr2wVaL7UHkfQr-rxqbx4nr8PpPo7IBEjKTkyA4JH8DPJF_kfBa0oIJb4=s0"},{"x":10,"y":3,"url":"http://lh4.ggpht.com/dAD9WGb1lSpeJ0OopwGDW_ihQc4DqeXf73kN29J_K1cXkJKLxYQxjSIK5ua151dSFZ-JNaUX7lUULZQpEnpjBwTKkg=s0"},{"x":9,"y":3,"url":"http://lh4.ggpht.com/QDe4ZumCYaXTMJvdkQ3Zjfsya8ZO8gb0I8ErIYYhqD5iGMraDt19QoVrnqKejpQuCHjIvpUQKmV3CRTtk1AmQpqx5Us=s0"},{"x":8,"y":2,"url":"http://lh6.ggpht.com/kE0D56RmAbYlg8VkNQ8T5m0S4aCUoJYuE8tkDxGDf7_gbF6FghBPV5UWY7sHiavvKsPGPbHTyj01Yn52RcobJh6XxdzK=s0"},{"x":3,"y":6,"url":"http://lh3.ggpht.com/ad0vsVE6a4gZoVbr8pPpYrpwWkIbv0IAmjWHbuFgBD2Dcopunm_t2br8tFy9DtkXNaPAPCUYlOrituXsywvsmYdnJou2=s0"},{"x":9,"y":10,"url":"http://lh6.ggpht.com/SiCMXXR1G-8vcCB4AR8lb3-kXLivUAooDZOhtiteS8zH-PQg_Upp1ZF73j6JMpnfw5esSYnYXLaY-UwUzWSV9Fxvzk8=s0"},{"x":2,"y":2,"url":"http://lh4.ggpht.com/-kBKE6vTuroIhmPBRoyKUXUbV-nY4PyNxDnnvMAJ2X82xtp-UveZmMc4izxOSHEU7MUYL0-DkWWHnu0TN6LIhDcxa5w=s0"},{"x":15,"y":4,"url":"http://lh6.ggpht.com/GOmS1gxyRn2v3pwH0R3nFcj5GW77QQmvcqG58hJF_u99RHVn1lTHEdWL2l8LzpDgEqfiOtHCifLPQl3KCjG_R-R_hNex=s0"},{"x":5,"y":7,"url":"http://lh6.ggpht.com/-1XjcGU74kEXXg9sEKqLRNBx-Zpdyo2fNfGmylZ48ODHpjBDhI_Gie9fTIVLNn9qwOKBStgeAgjsY5BQZE3RRocPOfg=s0"},{"x":8,"y":11,"url":"http://lh3.ggpht.com/JsL3Erl64P4qlj9t_q92zr3Ymjoih2vdRPQ9VIy-HuHPOtqctfaSIIZ61YPpjND8FsU7e63jPyH4ZSVMLygY0wUt1nNa=s0"},{"x":14,"y":0,"url":"http://lh5.ggpht.com/ST__NWcmx1jQaGpjiyFuW9aADH2G8sHOKQAXHCBgrb1Kl0_UBbXgcQ5fCEitWHE_podMsHahduAfWUvnmNZxwsMwWx6M=s0"},{"x":1,"y":1,"url":"http://lh4.ggpht.com/7rV2d9cAoPHVciZlqN5k4bP60f99g7lJjW4dgkndXLAH7594J6Yf7nKaMsqMjBP2NcdPzI16sgXIXDuneNa85-6fxyM=s0"},{"x":2,"y":8,"url":"http://lh6.ggpht.com/p2VWZDpZDmdtfJyWooscqIqWSeTN9muNOIwdHuuGsKv8pqpg1oM7WXkbijcyETjvc5iqA7yR0_Pos4r4T2LVQ3sY0Y4=s0"},{"x":9,"y":7,"url":"http://lh4.ggpht.com/P9s_KG-y-tm6u02IBgQex6GSVM00h-dk7Lc52wvnZ1RZooirL_f2sEtcHllOHiO9jfzyXUFnobTe59vOoOUuRNAGY0o=s0"},{"x":12,"y":2,"url":"http://lh3.ggpht.com/GyHFG_9pvP1RmIumKOMiuKJj_ooesrj2wb4DwbXkbX6qCHtub-53ZGfTPcWg9ysiU4i-0sxTJKv9tV5akqmLAbvObg9W=s0"},{"x":2,"y":5,"url":"http://lh4.ggpht.com/VH8rwWt80MUBBiLfWgbwdSfuHxtMFNJr5rNQxgeHv-9Q-ysGa89-6LFdrLI9thaG_upFSa2RZ9vs_Rlc3XPbW5kkMdY=s0"},{"x":4,"y":2,"url":"http://lh5.ggpht.com/6iPrXWH-JR54tvCtdW4xcsu3orK8KfgqGGBF7jTQ9ZrBe8wYyNKClfFod3Wj-fnhj4TxjyZ3MZFoB-X919Xnns9fs_g=s0"},{"x":14,"y":8,"url":"http://lh4.ggpht.com/pBi6DI6XzzqkgXiEr6fy6n0MaMuaYm4GzOhR1rdGmQK6Vn23HPfaNnYOH3nWGhH7lFuJ_B5w3D6e7nUzVOxUthXc5D6c=s0"},{"x":6,"y":6,"url":"http://lh6.ggpht.com/fsm5HqHvz4nXK7YybiVrn4IXgAO2wnyoBOaYf_9pO1bXX06Qb3Oj8LzGcfjvtkRX2wax0Ut2-q4zggXvj5tBQ-tqtQ=s0"},{"x":13,"y":0,"url":"http://lh4.ggpht.com/vbLD1k_tINlwtpTGdBypAXebOfjLxfVIPDz9Na61QCpOyQtSUaEBNbvnjNMb6b3y8IGs0JRzgBgXDGvocL2b_2wzlGs=s0"},{"x":10,"y":8,"url":"http://lh5.ggpht.com/qwHcT0wAmUZa9SFK_l2txz8d6yz4SN0VHuJYo2FYEWqzLmgCpa1qb69izbCraMRObmePQglV7v8GMBRZJLqjaf9maw=s0"},{"x":1,"y":5,"url":"http://lh5.ggpht.com/KvjQJv-b1zyq0AunET-RL9E5JOVsm_2a-lO-h1rrwbhcK4EXxotx3Amfb5NWJ0XYzL86LbHQ8ANsjVu6RgMQFFWCUw=s0"},{"x":7,"y":5,"url":"http://lh3.ggpht.com/s0NxLWWdqqRgWolsrL-fRwUsyCIw63CVkZGsikM6KgHp0e6anobGFi3RmsPNS2VdCvcRLwaqXFr2N09HKl5m7Ty70E0W=s0"},{"x":13,"y":5,"url":"http://lh6.ggpht.com/wP2c2z2MoEFy3HeTL93NoZFJYOsMsRyRqx-wd982nzj1nk-eDZbV2GhX-8DCB3gWcC4TYCpcCTdR2JwQiAuych5x1Ipw=s0"},{"x":7,"y":10,"url":"http://lh5.ggpht.com/yt391MlEw0qgT3rintq0tOtF8MP9LKPAx-6l7-H798hxytXyF8oNYbH4oEcUpWFWgv_TeW95L-O6_ah7Z8LSiBjVyAU=s0"},{"x":14,"y":10,"url":"http://lh5.ggpht.com/aXJ0T0hR462qV-6LJYf89jKkUmq6cD9U4VzZTQBJCtGTMsHMRyj9Kk7zW1zl9fwncxtM2q7EGCGmt_6-iamKbJx5XSA=s0"},{"x":0,"y":11,"url":"http://lh5.ggpht.com/RK_LZ7xMGhvbF2zy0vmf26-oYj0zb7PAQ9d5J-XvhM3wrpju6zXkGl0SVYWw9M7YrVKZnUBOSbQXfPaP2iLPaFqc-Y4=s0"},{"x":7,"y":1,"url":"http://lh3.ggpht.com/Zkug0xJdBjSL9Lj-OJL0BFq_t_3B-3Uf3O5Jl6i9UbjJsamMDXmatq3Fmj1K2AItTC5US2kJGWeZuES6dHWAIT_3yxBc=s0"},{"x":10,"y":1,"url":"http://lh4.ggpht.com/jl1cxEnXDmPn7udBMmK0_SiIafgWIOsNTMLAKHymhjxy7KuVeEbTrt2fnSpJjcFiATxQ-U5j5qb1eDX58rl7690vVT0=s0"},{"x":5,"y":1,"url":"http://lh4.ggpht.com/W8Zp00sSmIIFLAtU5BiA_Ke04UNuZ_3l6tpuBPfYcyrwrR9ScNX-ZPaWOuBeOjN65Z-FsJwbAqkifeWgoi37ypHTH5Yp=s0"},{"x":9,"y":1,"url":"http://lh4.ggpht.com/02Disg-4cTfDqleSFZ2Pd4FSDJLDLKIE9fJqGaoDLuP9GVZkUIqMNlUnb7uTV8UfSi9xUnw4YMk56U1JlwlgfGRYog=s0"},{"x":1,"y":7,"url":"http://lh6.ggpht.com/JbnnTZTlqzgoRuIXbBwJ3znkGcXH5kudHg8kODnFACATPyXGxZZnRJieQ3srtosT7oTUMOqQI0MZs5dyNNH6BDDyTGE=s0"},{"x":11,"y":11,"url":"http://lh3.ggpht.com/3ZDTZ1ohjBwh_wpXMyg1lf-W79I_uLXHjwxv62TzkKcZY14At8io9aZ8EQgI58BOUmQVq4OhsP5HDhyrveFjSBLC1R2J=s0"},{"x":4,"y":0,"url":"http://lh4.ggpht.com/ckvGGA340ldOX779diHeC7_w6RCCJwPzzyGWjsi4eFdOzbFhOu_xbx9YtPUZZ3ATAPTwNRKnucu0Dbq9v5QmbQZhJg=s0"},{"x":15,"y":2,"url":"http://lh4.ggpht.com/KtIo9_qhmsjIdmGCZkvQ2ICPnY2aDJCPlkX3sOhILAzRgdV2reDIcRUszhGcmxsHXDHx1Bv0gsJunkJ-TkMgGEF1s74=s0"},{"x":0,"y":3,"url":"http://lh3.ggpht.com/Gd3Lksssf6gxJ0Y2KUXkMarqqYo3G0CqhANKc37qCKGfLcIubjHsz0C632GDflREm6rhPGaVTaSKuioFn80mjyX1rrUx=s0"},{"x":1,"y":6,"url":"http://lh4.ggpht.com/G_8DLbmK4kTkFvlHVt0nz2qZC4715Qe5Dn-_MIgJ9jo-6v8f7aEzmjsXD4rq1Ai-8e9Py2cL9WK_Bk7vJtcIC9BglNk=s0"},{"x":12,"y":9,"url":"http://lh5.ggpht.com/B6EATfSg977qp6SY0cTZDjCxDRmI4kfwZHh1atdSRQMzeThkMGQL8PDHvtLevGvIv3Hxuk9Uc0wFIFhap3XjMVcmCbo-=s0"},{"x":0,"y":9,"url":"http://lh6.ggpht.com/xTIG3KkZXikN585Js1-MrjoElAgKxU-IL_Ca6Mi8MGn1agqGOc6pUAobOAXTHR69vdN0WoMyIcwQXyyIi_LHFYeLzg=s0"},{"x":11,"y":4,"url":"http://lh4.ggpht.com/eSnYMz6kp6qT1wg9UHZRXaWNHsbalqLfOcHg2mGcBIrAonZJCvcAetvhDR9Pazjra90t53bBHU5AP1tmgRRQ1_Z45PQ=s0"},{"x":12,"y":8,"url":"http://lh6.ggpht.com/0fhZ5ov58P-vdWs77-wwea8BB_i6IxKHGq_8zT_Crth9cXCiDjFhvNnyKWT8MD4vjrfxDH3uPyGb32RfI27G5hxRXQ=s0"},{"x":0,"y":4,"url":"http://lh4.ggpht.com/kbIrz8BrXtBnLj701AppmpSRoYlOC-CU5p3XdUD8_rWmE7SfjtcGOWzyE9kxlKkLMYGS4vhVCjks34BW1klsvCCMFAk=s0"},{"x":5,"y":6,"url":"http://lh6.ggpht.com/iay0fs1UdqFoYg0D83PNM_ypWpPTRu0bKuZzi07te2bw3FRZr89ShQOSntEtDDFpw3P9NVmq4zOxlrJ_Kk7yoro1Ig=s0"},{"x":11,"y":6,"url":"http://lh4.ggpht.com/IpT4Mfhijcr4JYJwfCPM74rZ-30X9MJiLK5x4WEIMjHB8hJDFEStwOHjLAwsertB1STbRh5Hzuf16Y-woiIRFJkljYU=s0"},{"x":7,"y":11,"url":"http://lh3.ggpht.com/hhv-QfkUn-VroBbcLxCFuvAVmK_YuwoyUc6n-Te1gFdjddHmKotpb1toH-l8jLnurRU_sTgutUfOPwdWyuAwzK6cwlA=s0"},{"x":5,"y":0,"url":"http://lh3.ggpht.com/ktUppC6EBiX1vVdRcrYsOf27Q07dlrxZzNACnW8_c4wBfHixZib3Ww57n7WXDxQo54Dw5r0VjmIuA27uoTMiDSjybUk=s0"},{"x":7,"y":0,"url":"http://lh6.ggpht.com/F7CXMBXyeYPtYO9CS3MfrHBEy74k8iVI2cCBjGbBncLQPtZ6ahtqk1J7SSoT0tSS8lk2RRD--_rBaD25pUIwUmPHmoQ=s0"},{"x":8,"y":0,"url":"http://lh6.ggpht.com/Jy498ZArPW1tenDw2tPM0rfp6grW7D5CR3R1E3n7cEW2AZuFOg8KGjMyOP8SlNHDus571Kb3HtkDKmP9Tbz0fUbAXCk=s0"},{"x":9,"y":8,"url":"http://lh4.ggpht.com/Yj3Xz20-GPh2SyySNby3i1Vk4t37agUPFosS3CmzP1ZsoRbm0jsLEwwHggHP3-_7KYdoMnI6EdhARXsEQN2sINwVZ0Y=s0"},{"x":15,"y":7,"url":"http://lh3.ggpht.com/HT6gIL-pAlsrox5vr7Zc5GeOZsJnG9iDsY_YT0e-P2lw-T00Bi1GVPZALvq2-oZRqAvkfU2NBnIWjH3kTqOO-uik_Yo=s0"},{"x":0,"y":5,"url":"http://lh3.ggpht.com/rrly0Ibrj0_DX4bAwiyq7b4BzQ_pHpsjoB7ToSMFgT1sGOcPPVeLdxU2jaNYz9tGJ62omGwLftbwOHI_IgPNvQipag=s0"},{"x":1,"y":11,"url":"http://lh6.ggpht.com/u2w_durnUqWhYXc7PzB9FoVqc9k8jXLoMZc9brzcr78VurRQBdwN3YGPP_koE3UiTxFsYHUHp8Ulu2dPLpYMGMiH3A=s0"},{"x":1,"y":2,"url":"http://lh5.ggpht.com/q_QEAFXM_VvHPLULKEHAL2gYPrx1_dbuoYk-aXmFysogqXrVG2inq2qJCKKJ0PUfPDVG--o3iwgeMAbtNtIttmzyJew=s0"},{"x":4,"y":1,"url":"http://lh4.ggpht.com/BfcvcMbShc2a-QRgq6FvKYRQDj-DyvfEXuOGpjjOEuTNSSYU5smmof76TLaqoujiCgA96XeMKS_NiMn8Xsbz5nbv=s0"},{"x":11,"y":9,"url":"http://lh6.ggpht.com/6bSLPo8ZfpifT21sBTZ6RLQWQNgsgckKd1PEJUE01dv-njh7-PK0UEqHLyMney0Pvd9JfuU6UUAr9fRs-U9Cgcvo4bZU=s0"},{"x":3,"y":9,"url":"http://lh3.ggpht.com/rKARgrvjHAnOt5n6RtcmAPNh9E_pe_rnJHBxyrEhqlYt5cqyU2WBxagyZi5gWnnoZ2jHifeNM2cmJQIagbUSi37WFsQ=s0"},{"x":3,"y":7,"url":"http://lh3.ggpht.com/46_C-dtsxu5lHBvT-5V7dN8roCEko5vuPl-OsDSlagH23lFpCCZmaT4lgZVLAJK2VE2h3Uj_7ac9wRWjIbzFXWpol9E=s0"},{"x":11,"y":7,"url":"http://lh4.ggpht.com/SlO3N3aY9CkzhEIUE-Tp7i22GQp27mNHGRZXyCoA1PW4dr7Fx0Iu8jqXbvcFcE9LZkgHAAw6UvpaE9EAoOd8_EUOOAQ=s0"},{"x":5,"y":8,"url":"http://lh3.ggpht.com/slRaOLGQsKA_kfIbqa878axbOJaO2OIHs6oZDXDfKOIWdfMzf0ki33YM8-jSyaJJNzef4E5KYOkMeWhBZZp2ZErd1Sbv=s0"},{"x":8,"y":3,"url":"http://lh6.ggpht.com/g0TJHqlPvIDnE53WT63JBD-RqL_CXNJqa3z_r8U9IATbuMSu0jUGtdZelfbr8r7xhVPlkcUTX6CtQgyaYQytkJSIeA=s0"},{"x":3,"y":3,"url":"http://lh6.ggpht.com/gy69ebEYkUSfoGsotpZJ-ILrhpHy-8drLGvrGEHppdaAdA5UdgwZxqjTqLf-fqgs81eib3vVJolFKoTxXWTyM4OgP20=s0"},{"x":4,"y":5,"url":"http://lh3.ggpht.com/MIfnrUox0DSZ_7wrMHrsjnbPwwWqrOoGXamErZNU3_RPqH0-NCiqk-FfqeY11BU0xRqNQkDFRsYPY_G8VNmOamQuvw=s0"},{"x":2,"y":6,"url":"http://lh4.ggpht.com/Yz7uLfAz07KNH51vC3gIg59fz6U48VdXzexanCTiumcts7sh1Y3U3XDX22e-lEQl_wh3mYKC_kWFI0crfrPuXRg8_RA=s0"},{"x":3,"y":11,"url":"http://lh5.ggpht.com/wmSeC8qwKsS4-C6KHbjLpLvX_cTLXRs40ugOd5DErHIVwLehHHyWcSyg6sWMq0VlbEJOd_aOIS5AJXUyWeyamiIg8gI=s0"},{"x":0,"y":2,"url":"http://lh6.ggpht.com/wMn98Tox8Wo6npDaP9HC83FX-Y8xBPuaMbeVL--lvIjIgWuSJsu0KnUhvnvxme-vrWnM8QzBCCNWKJiCEpljVulUJA=s0"},{"x":14,"y":9,"url":"http://lh3.ggpht.com/i4Tx-zTnTL3N-U9_mCyds8ejRCK06x9FelTZBtd5yC7e5uFM2I-S3-dKOZsUjqFCKO-4_E2TaQrtPWBBYs9iwnNtuscq=s0"},{"x":13,"y":9,"url":"http://lh4.ggpht.com/75JmapkSSvEuFYPOvYb30InO7-cCX59BnxiAHyzRKKHxv_sfuomfbaQaabiLWoB3J0XE4s5tOtLCOZKlpvicsssY6g=s0"},{"x":8,"y":6,"url":"http://lh3.ggpht.com/wqL0dHE51RcVOu6dDn3MssbZzp3Uqk541hv2GaGJRRwueyVIUBaFy2QqgxUny-vH1aVbnPa_ZP6sq9larpSjiNmMj70=s0"},{"x":6,"y":7,"url":"http://lh6.ggpht.com/tdI4Lp7TpLlyPQ5B9MpeOioYuaxmAgSzNdJDVr_nSpgSQhLBMVjqw8HvbIFxY3eWCMwEss-4DrmXR1GHqOqzPQCfDbE=s0"},{"x":2,"y":1,"url":"http://lh6.ggpht.com/0m5_0cOZlKTtnwB17aUPexM7DiD2pFoMRm4xSyr9JepdhuxPd_4pZKe4UyfEhmJ2IAVFpfZ85tEI1V0vG8EKMT6bTg=s0"},{"x":1,"y":0,"url":"http://lh3.ggpht.com/xDSeEAjaGyTrcMl2qcEliuFx3d57YNECuu7V-8rslacbWosaK9H-COjgb-NfFhk3nx9w9wtnUpXR1gP3giqj0CvEqBTC=s0"},{"x":14,"y":7,"url":"http://lh4.ggpht.com/PDV8WS6XjtrhHIVG836j8VTFm3n6vJ1RgF0BMhKxeEcwQr5kPVbJr9iY5f6Vdh6zgZQ9bq9mhBbWu16zjslkiKsARA=s0"},{"x":10,"y":7,"url":"http://lh6.ggpht.com/ot_deBVw3ObUcnCpUQ6DziABwfNuxN7YYHGU-KKA0lS6iewGxjdytGvx-iw8yvop2lsrKNZ-565AnlZqQpkTNOr1SPo=s0"},{"x":1,"y":8,"url":"http://lh5.ggpht.com/vXUftQp8hCauu3v5iF0qXFMlZQGHEgf7SRRCI3rKM9c4YqDVUhJFEUH8Q0deyLCauEqScLRZ7PpbQhYqIDq9Eky8LEuw=s0"},{"x":12,"y":5,"url":"http://lh6.ggpht.com/Ue0I126CLCkC1ZvCAhmLxKp9ZKHKUWzSrb9HOHayloB9H25WBrgKJ6Ytye_IF9z3CGKpPIWNWGbAZ02IZ9Mf9S7L7w=s0"},{"x":10,"y":5,"url":"http://lh6.ggpht.com/QL-3x0E8UlseImS5ZWnc8IiJw34lDW3E5aZZ4rZzu7CSfwyd05MlgDV_o0Gvmbom_jKMniO8PB2xA7fqv4DznryDDpmg=s0"},{"x":6,"y":10,"url":"http://lh4.ggpht.com/J0OtHf15-LNXeeWrI0ZNEoBLyB6edZjyxa-igEmBqT_LDuOR6D6ZXj6d1dmln3nZxmoY3VdZSfGnvtHhyf3tyiT9sUQ3=s0"},{"x":5,"y":2,"url":"http://lh4.ggpht.com/nLuuEnDgiV-3LkxxifsYpN7OS0y3iFGcImA4r08OH8gJtw4fyMHxgSMVZVe_L6k0ovkMyDcSUAuKMwmVwFfrhVe4YEU=s0"},{"x":15,"y":3,"url":"http://lh4.ggpht.com/fOiV0MvmNEEan2c0WYWDUo6usghEuQMXnmLTXZ9aTrxi_BIM5uSE4oLML6RYYIfGHQPChnLL8kxm4DVB0H8WCaOww4N-=s0"},{"x":14,"y":6,"url":"http://lh4.ggpht.com/_YgP4GQ1PvMdcDuJuel4nKFpWw2VS2T5jr4O53Nwhgqsb3e4Tov0yJsbRKmXC-5yjLkdcy2SvXZVTyy3_YfmMrk0nA=s0"},{"x":2,"y":7,"url":"http://lh3.ggpht.com/Elj1SilZ1YuCMDZeCMhJyFpKK6nMfT2bwJRK_HH1F2U5li7bMVv_Inx_tAsFp88GrZ8tC9UtwI1-tiqXihFJ4GTRzw=s0"}]},{"name":"z4","width":511,"height":383,"tiles":[{"x":0,"y":0,"url":"http://lh5.ggpht.com/vu4ew3WaPUfLVk7oPSuWyMNRmiu0D-jhY7vANNkxNKBaFuEcjvTCDNZQ9BTpyDd0illa4hOKoZoFY7gM9Y6eqOMYkws=s0"}]},{"name":"z1","width":4088,"height":3066,"tiles":[{"x":3,"y":2,"url":"http://lh5.ggpht.com/j8PRQE1B7Uwi_4h0g6iLwi7bYZdXNLw5OXGpDR2-WsDhjmjHGNGq0dl5RRJ5iQ3D43RSu7rQLfpJLII0qAU8N6nkJ5Y=s0"},{"x":7,"y":1,"url":"http://lh3.ggpht.com/KQ7FO2QCCqG_iQdo9lFo1ZJYCUgMRwtsh7y0ooNPOA4f3JwK6n3vHl2qz4nJi5lYY1PmJuA2j2OtpWqgjOO38tl_OA=s0"},{"x":0,"y":0,"url":"http://lh3.ggpht.com/v_uTgV1eU8yUCfpckQEndAMgQ8xFPD26r7gE2A9fr76lWMz-4831CCvSTcyiF1EZICXr5alpWouJQhEkzGgsaAYw3CI=s0"},{"x":3,"y":5,"url":"http://lh4.ggpht.com/PpNgapk3O2LRTxZFd8-E69nFwn50aVrOMjSDBzCdo0kLRvhYjOlmdjhwPGCdOBhUcLXvkQYFwoVr3IIOZJ0YNQQkvFjM=s0"},{"x":5,"y":5,"url":"http://lh3.ggpht.com/rBkyuoYA6QKnLT-wOU97pt5XXLpJerewuVlRo_WjUQPidCGNXt1HPwQ4SaS0bLUCZS85KVIsuWuuc22iSnCiAMr0mF8=s0"},{"x":7,"y":3,"url":"http://lh5.ggpht.com/NP-09kqTIdIg-OnKZ1XXZ0J8nXcxadXJ9im8RcDgkAnhKC1Ai9-8GntNYtjFb2C5U60LFRHf3gyNgXrbGa1l6cS8Y98=s0"},{"x":2,"y":4,"url":"http://lh6.ggpht.com/8vPTqtx0LG_k41ZxdZOfgxBuSsfpI9x8ljbNVcYi0Tm4Gdfa45q1QT1oWWKVYcE0nhsatZrc2PLmSNo23AVqHCdUt0s=s0"},{"x":6,"y":4,"url":"http://lh5.ggpht.com/UOsMs-yU9y8RYQrmrQ-wADV2RtbdOeT_1erf5RTkjPeNTGyL8DMxwmi9ugMb6kbrqD_sba5FPS5543dRxO6azxP_5PBg=s0"},{"x":4,"y":1,"url":"http://lh6.ggpht.com/MoxXkusNROHAQ0Rres1kUObp-V_8wxEndRfZC9iKgRAkGbNdv58t_BG4J7zcpHG7nCqCAe4jEuDw4wrxwGrEfUNFuQ=s0"},{"x":6,"y":1,"url":"http://lh3.ggpht.com/DWWaqKb1Gp_Lf3iES8poru7XRDp7sHRO0uTmCIbREgbYv84zhLwXqQTj0f8A3bY8WdiKggS9vpbsdEtv26Uz12W5RcY=s0"},{"x":3,"y":3,"url":"http://lh6.ggpht.com/3XeE8HNwH5KfKqQUhVYCOB0WlEb6LDV-UYtvsAZHatkXq8u2VQvprM_Gw4aYfR1i9xASQ1eMUzkwCXg3Yvj-zylOjg=s0"},{"x":4,"y":3,"url":"http://lh5.ggpht.com/h05ehe_NvonSuPRsJ_NcdFIRgy7UZYaUi-IwFLr0e5CZtL8BCK0GnRwSLfgugTkzijPNnqUJQDdP3Z5fcg3ehmjuGA=s0"},{"x":5,"y":0,"url":"http://lh5.ggpht.com/RTGvUs7COSirvJlNoPjDkmw_W_uuy3I1iXh5vezOeZuoF7EMYqDdBxdKUT2T3gZD6ptsTrXWS6UfFlTiZNZ305H0HLc=s0"},{"x":1,"y":1,"url":"http://lh6.ggpht.com/MSfhzDJK-W5AL3Y8Y3e-dafCzaeHC2wpzNXt6FqALqaDIuovnbSe8ZzlaMQa2ASh15qqEz8QeTHVC_7URbDnhAgF40g=s0"},{"x":4,"y":2,"url":"http://lh6.ggpht.com/7GtSOc_D7J3marK7yNDopv0O117-sm4NV6lQmx17rJTm2PArb9D-uvDG6qhMHByLrS4kPVmAOVEEJSP_9m561FG6rj8=s0"},{"x":1,"y":0,"url":"http://lh3.ggpht.com/trJmyd1hUO9kfEFXY2GJGZiDR61rRgLRwDgHnyPbERNnIa-Bhcbpz3JoR3cGmEC3-Ny-fNa0v_6gOyy3Z-hhrTT05g=s0"},{"x":4,"y":0,"url":"http://lh5.ggpht.com/lGEtj9Ti4J-utiku4lylfdObgIL1thP0g2wlzB2B3Fy1hF_oq37FhfpBQJk1EZQH5-pn_q3mfo8nVwaR9Gat0tIqFA=s0"},{"x":7,"y":4,"url":"http://lh5.ggpht.com/atd3R7XF5EzRoUtyTTUlLbEr4hZ_SXj8OHRNC9H1NH606amQwlyft5z1Qp9VjC6ig2u10dMyo0xCzYvdzWasytrawv86=s0"},{"x":2,"y":1,"url":"http://lh6.ggpht.com/HU0-f6vWqSXAqB3UxHywB93FLrEEuxfwlzabHJgOTUQ139bkmm1eGb_e1qblacJNvtb1hAPwrW6bO2nS4blqSFisr6W8=s0"},{"x":7,"y":0,"url":"http://lh6.ggpht.com/kGnbM5xtM7ZwFhCRncAAbNo5gAjaHD9HbHWBAS93JUpLcmSSSV6JgmCB73DwzWX29U7x2PsblsAuQm0e90O0n2VD-4AA=s0"},{"x":0,"y":1,"url":"http://lh5.ggpht.com/Jhm_0s4xR4oWZd9m7RgHZ3CXhl3UKSgRjFUEcyRBt5sSjiBCjsaBFUqCkmos2zzv-bK8HYQUD10yRoNwQXuV8C4PFg=s0"},{"x":5,"y":2,"url":"http://lh6.ggpht.com/oULXKR_7CrWBxxtVnsH_LD4n1zJdJaAK5uzJ5aRNw36eSHJAO7Mqw7k4Uj4XClVjtn2lW-oznEJD-KcpI5WfpUqeD6c=s0"},{"x":2,"y":0,"url":"http://lh4.ggpht.com/Zv3O6xHl2aOqiTtXAwl7VB2pQ9f7MF1XshRJ8NYDkWFhwal32R5Y0wwOLKGwbeFNtppofLl3PpsolH4cb026NS3X6Oc=s0"},{"x":2,"y":5,"url":"http://lh3.ggpht.com/e4CyDquCmVnxeT-vBA_fRjDpbogIcMFlS3uuKSIbfWMPaV5NBW0UNCEgYMwXmHD1C4n9m6V1oy1JjpwDyDnuK8VzGQ=s0"},{"x":6,"y":5,"url":"http://lh6.ggpht.com/4qLZCwoUmi8bhKKmm-yVfbgxYOhfY-MX307cEJR5FVKvO1kj6yquJHam6NJBVTyWlMN70Qfs7om_7_usPsmIh6mak3Q=s0"},{"x":5,"y":1,"url":"http://lh6.ggpht.com/8R3QyB8qCrZAdOMGLsmhfU7eEEmH8xyuUpyl3iuC3qz2aHovX6wWKiNjagfBNE_VO4e882JDuqiapKxkPYAd_eHKkg=s0"},{"x":2,"y":2,"url":"http://lh3.ggpht.com/tnhoiZ6Eo_F0PqZiAC4K605I0yxGMPA6rN5bqgaI0cdPykUvs6tGnAtJ8G-pwlaycWdFHmfae8ByAkzGPcCrEt0DLw=s0"},{"x":5,"y":3,"url":"http://lh5.ggpht.com/kTCgVXnSycH0_EbhV6Soc6l1BBhG4K1W72Z_MtP8lOmuyHs6HZdIHsZRViXAvE0ZJmh6sfvOHs7RA6jhTy5AVz6_nuU=s0"},{"x":2,"y":3,"url":"http://lh4.ggpht.com/fT5FkAZ0wEXLeFUMBYTi_cl334SOyafMNRwijGM5Xcl2gwigRrYq1Enl3RJ_LqHRef2b66rKPqN_sEt4gRotwBEdR4M=s0"},{"x":0,"y":4,"url":"http://lh3.ggpht.com/c_Vxwu-VUGPFWjapFxeIncu4CzKg8r05AJUSevsr00y-Jxfcxx1XDSY8GvO8J6fEU_Q9nhiirIGelP1MoEYbRfVzWaK7=s0"},{"x":0,"y":3,"url":"http://lh4.ggpht.com/mF41yuVkFII7XqW9WLRzWE1jnSBdfCVZYf-U_Nxaw6HplE1wbJiNxF4vBJubX6WPbhNhCM8a5wfD5JYRG9XHbR_s9oB6=s0"},{"x":7,"y":5,"url":"http://lh5.ggpht.com/vP4AueU2EA8-zE4ZRWuFVuzl6uK0DaBabh9WMhGMAzupwx9Uso8rOHtrgijHQBGdjPSMqZBsY4a2jHsn7OiXrDZfEvA=s0"},{"x":1,"y":2,"url":"http://lh3.ggpht.com/B2KjExtfSCDFnxefjcduYvji0JJK7CiSj6vt_oObpvqMKjZvUqkGvUZ8TmpEIGDbFUr0xtJ7w-1p3ueiOcL1vVKZjw=s0"},{"x":1,"y":3,"url":"http://lh4.ggpht.com/ehFJp55Jprd7wIRpF_BZ-1ARvFcnQdqrOci7y3Zyr9ZiNch3szIyoIhyKvGwg1-n3-J1NVv19eYXs4iCRUCkPq1vwhk=s0"},{"x":5,"y":4,"url":"http://lh3.ggpht.com/-_3mvnToIVQtjx8EDQNZvuOJiSMTOpCzY3gj4ARlYKn1rLZXhH7V4P7Ux9v6oS8rt1Gu5cz6N_NQV-khBd1nU9K0QpPI=s0"},{"x":3,"y":0,"url":"http://lh3.ggpht.com/r0RPq4ABZZ09w_P6WZUI4Xasj0BChS-NXujFGsb-ORHjYUGBd56TAAffKu82zerJIIcukijC22Urw-NEfQjPtJGc1g=s0"},{"x":0,"y":5,"url":"http://lh3.ggpht.com/tMhZJwpbp8x3JNF8N3Z6lqyOtsA-WCFMMB_RA1TQVOJylgjExe4JKSqIjp6P5P_WRCSKXfgNTLaQlvI34_z4yGTIMGxH=s0"},{"x":1,"y":4,"url":"http://lh3.ggpht.com/40IOy6ujpLZc_olaOd7tvizw09pwzM2T8If6t4lisddoOz4U8KBEmw5kl45qvSlazHi13zeSr4wzgjfhj3Wd04Q7uzVH=s0"},{"x":3,"y":4,"url":"http://lh6.ggpht.com/p20xzkgqe42Jm3DeM2F_iWl58aHS0oEIeYHbH3YpT1MRe93n8SAmCVuiiU_Oqr3hcTR2xZKAA26vnopz2au1zKls8Mc=s0"},{"x":4,"y":5,"url":"http://lh5.ggpht.com/Y7SD8YYi5lG--JQXeDHXe8rbVQ5d4KkBBCQYz77rDEi4Nna1BFg5uMlRzwReaa4IxJzcidP1RU6JH66GSv6OycHApQ=s0"},{"x":4,"y":4,"url":"http://lh3.ggpht.com/qfJ7AbHi1s4m4_-rE5-5nEFoqBXcaW-yfdmGuaIa0qrDvsj0cAAZSAbMAwkDkzOv5XHlab-9Jk3ua7QJS2XATxyxLPE=s0"},{"x":6,"y":3,"url":"http://lh6.ggpht.com/0F3xUcep2XbbZnzb2moU4lpp0Wht4eHHNw5vBk8-XZAKswj7u6yeC5HAtrAZl2YBKdLaz3pG1nhdN8r7jKlhR2C0SEc=s0"},{"x":6,"y":0,"url":"http://lh6.ggpht.com/Pge75Sv22dIIV2S8mIcN0mCDnKvZUdSuNynPPeFuOE_DffR7QMcUZTeKCelZ346WhWw2kLI7N56bOUgRWQQzUHhTsBVe=s0"},{"x":0,"y":2,"url":"http://lh5.ggpht.com/kIXv64gqTaVIphlTG4bv9HmFdawvJfbnCRb8guiiSBNX_aFPerQs0IvKubR7MnL4-v6z_r4_1mdulS_ixESvritiBaap=s0"},{"x":3,"y":1,"url":"http://lh5.ggpht.com/8oMgS4Eo_GC3oBTis21m85fW99pm72L6QIa-NnI-YYiLQTomFxAdlPmceI4mrePeLPX0y2qoF13qXnaRnQ4nzAdcUg=s0"},{"x":1,"y":5,"url":"http://lh4.ggpht.com/AeprXr1iN_NFf0ExQBao8qpWh699EbHnk7ymAOiCJ3PW5c7pCfvqbX6tsVmhSBpK2Q-hmTbGwwtSiHs2vAVF8jWBx5Hb=s0"},{"x":7,"y":2,"url":"http://lh4.ggpht.com/BYNGXmZ27HoStkBRPnOtAvjBwj4m85bI_M_5pPkg9jQ2oYOmebKhg6HPRv-eO8lP9Xu06fOghI334SrfuZnbRcZMpw=s0"},{"x":6,"y":2,"url":"http://lh3.ggpht.com/tfO441gj0rtznAEsziaPyh-Ncj6UUza7X2CoTIWeOtGq2oWvpCEf85Hk2KFofzSQL0OULmFIsA_G0dO15Jv9aSIDEskV=s0"}]},{"name":"z5","width":255,"height":191,"tiles":[{"x":0,"y":0,"url":"http://lh5.ggpht.com/hXgjA5K6M3KKJch0hZlZYi73IsbElXkPyo89rO4B6nArglrP2ec41Vl4EHfOkiDhK9YLK54EuoUkDLEg5SOjMEnKZA=s0"}]}]}

at java.base/jdk.internal.reflect.NativeConstructorAccessorImpl.newInstance0(Native Method)
at java.base/jdk.internal.reflect.NativeConstructorAccessorImpl.newInstance(NativeConstructorAccessorImpl.java:77)
at java.base/jdk.internal.reflect.DelegatingConstructorAccessorImpl.newInstance(DelegatingConstructorAccessorImpl.java:45)
at java.base/java.lang.reflect.Constructor.newInstanceWithCaller(Constructor.java:499)
at java.base/java.lang.reflect.Constructor.newInstance(Constructor.java:480)
at org.codehaus.groovy.reflection.CachedConstructor.invoke(CachedConstructor.java:73)
at org.codehaus.groovy.reflection.CachedConstructor.doConstructorInvoke(CachedConstructor.java:60)
at org.codehaus.groovy.runtime.callsite.ConstructorSite$ConstructorSiteNoUnwrap.callConstructor(ConstructorSite.java:86)
at org.codehaus.groovy.runtime.callsite.CallSiteArray.defaultCallConstructor(CallSiteArray.java:58)
at org.codehaus.groovy.runtime.callsite.AbstractCallSite.callConstructor(AbstractCallSite.java:263)
at org.codehaus.groovy.runtime.callsite.AbstractCallSite.callConstructor(AbstractCallSite.java:277)
at io.restassured.assertion.StreamVerifier.newAssertion(StreamVerifier.groovy:43)
at io.restassured.assertion.StreamVerifier$newAssertion.call(Unknown Source)
at org.codehaus.groovy.runtime.callsite.CallSiteArray.defaultCall(CallSiteArray.java:46)
at org.codehaus.groovy.runtime.callsite.AbstractCallSite.call(AbstractCallSite.java:125)
at org.codehaus.groovy.runtime.callsite.AbstractCallSite.call(AbstractCallSite.java:157)
at io.restassured.assertion.BodyMatcher.validate(BodyMatcher.groovy:85)
at io.restassured.assertion.BodyMatcher$validate$0.call(Unknown Source)
at org.codehaus.groovy.runtime.callsite.CallSiteArray.defaultCall(CallSiteArray.java:46)
at org.codehaus.groovy.runtime.callsite.AbstractCallSite.call(AbstractCallSite.java:125)
at org.codehaus.groovy.runtime.callsite.AbstractCallSite.call(AbstractCallSite.java:157)
at io.restassured.assertion.BodyMatcherGroup$_validate_closure2.doCall(BodyMatcherGroup.groovy:47)
at java.base/jdk.internal.reflect.NativeMethodAccessorImpl.invoke0(Native Method)
at java.base/jdk.internal.reflect.NativeMethodAccessorImpl.invoke(NativeMethodAccessorImpl.java:77)
at java.base/jdk.internal.reflect.DelegatingMethodAccessorImpl.invoke(DelegatingMethodAccessorImpl.java:43)
at java.base/java.lang.reflect.Method.invoke(Method.java:568)
at org.codehaus.groovy.reflection.CachedMethod.invoke(CachedMethod.java:343)
at groovy.lang.MetaMethod.doMethodInvoke(MetaMethod.java:328)
at org.codehaus.groovy.runtime.metaclass.ClosureMetaClass.invokeMethod(ClosureMetaClass.java:279)
at groovy.lang.MetaClassImpl.invokeMethod(MetaClassImpl.java:1009)
at groovy.lang.Closure.call(Closure.java:418)
at groovy.lang.Closure.call(Closure.java:434)
at org.codehaus.groovy.runtime.DefaultGroovyMethods.collect(DefaultGroovyMethods.java:3553)
at org.codehaus.groovy.runtime.DefaultGroovyMethods.collect(DefaultGroovyMethods.java:3538)
at org.codehaus.groovy.runtime.DefaultGroovyMethods.collect(DefaultGroovyMethods.java:3584)
at org.codehaus.groovy.runtime.dgm$102.invoke(Unknown Source)
at org.codehaus.groovy.runtime.callsite.PojoMetaMethodSite$PojoMetaMethodSiteNoUnwrapNoCoerce.invoke(PojoMetaMethodSite.java:253)
at org.codehaus.groovy.runtime.callsite.PojoMetaMethodSite.call(PojoMetaMethodSite.java:57)
at org.codehaus.groovy.runtime.callsite.CallSiteArray.defaultCall(CallSiteArray.java:46)
at org.codehaus.groovy.runtime.callsite.AbstractCallSite.call(AbstractCallSite.java:125)
at org.codehaus.groovy.runtime.callsite.AbstractCallSite.call(AbstractCallSite.java:139)
at io.restassured.assertion.BodyMatcherGroup.validate(BodyMatcherGroup.groovy:47)
at io.restassured.assertion.BodyMatcherGroup$validate$3.call(Unknown Source)
at org.codehaus.groovy.runtime.callsite.CallSiteArray.defaultCall(CallSiteArray.java:46)
at org.codehaus.groovy.runtime.callsite.AbstractCallSite.call(AbstractCallSite.java:125)
at org.codehaus.groovy.runtime.callsite.AbstractCallSite.call(AbstractCallSite.java:157)
at io.restassured.internal.ResponseSpecificationImpl$HamcrestAssertionClosure.validate(ResponseSpecificationImpl.groovy:492)
at io.restassured.internal.ResponseSpecificationImpl$HamcrestAssertionClosure$validate$1.call(Unknown Source)
at org.codehaus.groovy.runtime.callsite.CallSiteArray.defaultCall(CallSiteArray.java:46)
at org.codehaus.groovy.runtime.callsite.AbstractCallSite.call(AbstractCallSite.java:125)
at org.codehaus.groovy.runtime.callsite.AbstractCallSite.call(AbstractCallSite.java:139)
at io.restassured.internal.ResponseSpecificationImpl.validateResponseIfRequired(ResponseSpecificationImpl.groovy:687)
at io.restassured.internal.ResponseSpecificationImpl.this$2$validateResponseIfRequired(ResponseSpecificationImpl.groovy)
at java.base/jdk.internal.reflect.NativeMethodAccessorImpl.invoke0(Native Method)
at java.base/jdk.internal.reflect.NativeMethodAccessorImpl.invoke(NativeMethodAccessorImpl.java:77)
at java.base/jdk.internal.reflect.DelegatingMethodAccessorImpl.invoke(DelegatingMethodAccessorImpl.java:43)
at java.base/java.lang.reflect.Method.invoke(Method.java:568)
at org.codehaus.groovy.runtime.callsite.PlainObjectMetaMethodSite.doInvoke(PlainObjectMetaMethodSite.java:43)
at org.codehaus.groovy.runtime.callsite.PogoMetaMethodSite$PogoCachedMethodSiteNoUnwrapNoCoerce.invoke(PogoMetaMethodSite.java:198)
at org.codehaus.groovy.runtime.callsite.PogoMetaMethodSite.callCurrent(PogoMetaMethodSite.java:62)
at org.codehaus.groovy.runtime.callsite.CallSiteArray.defaultCallCurrent(CallSiteArray.java:50)
at org.codehaus.groovy.runtime.callsite.AbstractCallSite.callCurrent(AbstractCallSite.java:171)
at org.codehaus.groovy.runtime.callsite.AbstractCallSite.callCurrent(AbstractCallSite.java:185)
at io.restassured.internal.ResponseSpecificationImpl.body(ResponseSpecificationImpl.groovy:263)
at io.restassured.specification.ResponseSpecification$body$0.callCurrent(Unknown Source)
at org.codehaus.groovy.runtime.callsite.CallSiteArray.defaultCallCurrent(CallSiteArray.java:50)
at org.codehaus.groovy.runtime.callsite.AbstractCallSite.callCurrent(AbstractCallSite.java:171)
at org.codehaus.groovy.runtime.callsite.AbstractCallSite.callCurrent(AbstractCallSite.java:212)
at io.restassured.internal.ResponseSpecificationImpl.body(ResponseSpecificationImpl.groovy:110)
at io.restassured.internal.ValidatableResponseOptionsImpl.body(ValidatableResponseOptionsImpl.java:244)
at Museum.RestApi.validate_records_perpage(RestApi.java:92)
at java.base/jdk.internal.reflect.NativeMethodAccessorImpl.invoke0(Native Method)
at java.base/jdk.internal.reflect.NativeMethodAccessorImpl.invoke(NativeMethodAccessorImpl.java:77)
at java.base/jdk.internal.reflect.DelegatingMethodAccessorImpl.invoke(DelegatingMethodAccessorImpl.java:43)
at java.base/java.lang.reflect.Method.invoke(Method.java:568)
at org.testng.internal.invokers.MethodInvocationHelper.invokeMethod(MethodInvocationHelper.java:135)
at org.testng.internal.invokers.TestInvoker.invokeMethod(TestInvoker.java:673)
at org.testng.internal.invokers.TestInvoker.invokeTestMethod(TestInvoker.java:220)
at org.testng.internal.invokers.MethodRunner.runInSequence(MethodRunner.java:50)
at org.testng.internal.invokers.TestInvoker$MethodInvocationAgent.invoke(TestInvoker.java:945)
at org.testng.internal.invokers.TestInvoker.invokeTestMethods(TestInvoker.java:193)
at org.testng.internal.invokers.TestMethodWorker.invokeTestMethods(TestMethodWorker.java:146)
at org.testng.internal.invokers.TestMethodWorker.run(TestMethodWorker.java:128)
at java.base/java.util.ArrayList.forEach(ArrayList.java:1511)
at org.testng.TestRunner.privateRun(TestRunner.java:808)
at org.testng.TestRunner.run(TestRunner.java:603)
at org.testng.SuiteRunner.runTest(SuiteRunner.java:429)
at org.testng.SuiteRunner.runSequentially(SuiteRunner.java:423)
at org.testng.SuiteRunner.privateRun(SuiteRunner.java:383)
at org.testng.SuiteRunner.run(SuiteRunner.java:326)
at org.testng.SuiteRunnerWorker.runSuite(SuiteRunnerWorker.java:52)
at org.testng.SuiteRunnerWorker.run(SuiteRunnerWorker.java:95)
at org.testng.TestNG.runSuitesSequentially(TestNG.java:1249)
at org.testng.TestNG.runSuitesLocally(TestNG.java:1169)
at org.testng.TestNG.runSuites(TestNG.java:1092)
at org.testng.TestNG.run(TestNG.java:1060)
at org.testng.remote.AbstractRemoteTestNG.run(AbstractRemoteTestNG.java:115)
at org.testng.remote.RemoteTestNG.initAndRun(RemoteTestNG.java:251)
at org.testng.remote.RemoteTestNG.main(RemoteTestNG.java:77)
]]>
    </error>
  </testcase> <!-- validate_records_perpage -->
  <system-out/>
</testsuite> <!-- Museum.RestApi -->
