<?xml version="1.0" encoding="UTF-8"?>
<!-- Generated by org.testng.reporters.JUnitReportReporter -->
<testsuite hostname="Mayanks-MacBook-Air.local" failures="0" tests="1" name="IssueAPI.GitLabIssue" time="2.245" errors="0" timestamp="2022-04-20T08:18:44 CEST" skipped="0">
  <testcase classname="IssueAPI.GitLabIssue" name="listAllIssues" time="2.245"/>
  <system-out/>
</testsuite> <!-- IssueAPI.GitLabIssue -->
